{"G:\\WORK\\angular-clean-architecture\\apps\\sandbox\\src\\app\\app.component.html": {"path":"G:\\WORK\\angular-clean-architecture\\apps\\sandbox\\src\\app\\app.component.html","statementMap":{},"fnMap":{},"branchMap":{},"s":{},"f":{},"b":{},"meta":{"lastBranch":0,"lastFunction":0,"lastStatement":0,"seen":{}}}
,"G:\\WORK\\angular-clean-architecture\\apps\\sandbox\\src\\app\\app.component.scss": {"path":"G:\\WORK\\angular-clean-architecture\\apps\\sandbox\\src\\app\\app.component.scss","statementMap":{},"fnMap":{},"branchMap":{},"s":{},"f":{},"b":{},"meta":{"lastBranch":0,"lastFunction":0,"lastStatement":0,"seen":{}}}
,"G:\\WORK\\angular-clean-architecture\\apps\\sandbox\\src\\app\\app.component.ts": {"path":"G:\\WORK\\angular-clean-architecture\\apps\\sandbox\\src\\app\\app.component.ts","statementMap":{"0":{"start":{"line":20,"column":7},"end":{"line":20,"column":null}},"1":{"start":{"line":20,"column":13},"end":{"line":20,"column":null}}},"fnMap":{},"branchMap":{},"s":{"0":1,"1":1},"f":{},"b":{},"meta":{"lastBranch":0,"lastFunction":0,"lastStatement":2,"seen":{"s:20:7:20:Infinity":0,"s:20:13:20:Infinity":1}}}
,"G:\\WORK\\angular-clean-architecture\\apps\\sandbox\\src\\app\\core\\auth\\auth.service.ts": {"path":"G:\\WORK\\angular-clean-architecture\\apps\\sandbox\\src\\app\\core\\auth\\auth.service.ts","statementMap":{"0":{"start":{"line":19,"column":18},"end":{"line":19,"column":null}},"1":{"start":{"line":20,"column":17},"end":{"line":20,"column":null}},"2":{"start":{"line":29,"column":7},"end":{"line":147,"column":null}},"3":{"start":{"line":30,"column":19},"end":{"line":30,"column":null}},"4":{"start":{"line":31,"column":19},"end":{"line":31,"column":null}},"5":{"start":{"line":32,"column":28},"end":{"line":32,"column":null}},"6":{"start":{"line":35,"column":19},"end":{"line":36,"column":null}},"7":{"start":{"line":38,"column":19},"end":{"line":38,"column":null}},"8":{"start":{"line":39,"column":19},"end":{"line":39,"column":null}},"9":{"start":{"line":40,"column":19},"end":{"line":40,"column":null}},"10":{"start":{"line":43,"column":25},"end":{"line":43,"column":null}},"11":{"start":{"line":44,"column":19},"end":{"line":44,"column":null}},"12":{"start":{"line":45,"column":21},"end":{"line":45,"column":null}},"13":{"start":{"line":46,"column":19},"end":{"line":46,"column":null}},"14":{"start":{"line":49,"column":11},"end":{"line":50,"column":null}},"15":{"start":{"line":50,"column":10},"end":{"line":50,"column":50}},"16":{"start":{"line":54,"column":4},"end":{"line":54,"column":null}},"17":{"start":{"line":55,"column":4},"end":{"line":55,"column":null}},"18":{"start":{"line":57,"column":4},"end":{"line":68,"column":null}},"19":{"start":{"line":61,"column":10},"end":{"line":61,"column":null}},"20":{"start":{"line":62,"column":10},"end":{"line":62,"column":null}},"21":{"start":{"line":65,"column":10},"end":{"line":65,"column":null}},"22":{"start":{"line":66,"column":10},"end":{"line":66,"column":null}},"23":{"start":{"line":67,"column":10},"end":{"line":67,"column":null}},"24":{"start":{"line":73,"column":4},"end":{"line":73,"column":null}},"25":{"start":{"line":74,"column":4},"end":{"line":74,"column":null}},"26":{"start":{"line":76,"column":4},"end":{"line":87,"column":null}},"27":{"start":{"line":80,"column":10},"end":{"line":80,"column":null}},"28":{"start":{"line":81,"column":10},"end":{"line":81,"column":null}},"29":{"start":{"line":84,"column":10},"end":{"line":84,"column":null}},"30":{"start":{"line":85,"column":10},"end":{"line":85,"column":null}},"31":{"start":{"line":86,"column":10},"end":{"line":86,"column":null}},"32":{"start":{"line":92,"column":4},"end":{"line":92,"column":null}},"33":{"start":{"line":93,"column":4},"end":{"line":93,"column":null}},"34":{"start":{"line":94,"column":4},"end":{"line":94,"column":null}},"35":{"start":{"line":98,"column":4},"end":{"line":98,"column":null}},"36":{"start":{"line":98,"column":24},"end":{"line":98,"column":null}},"37":{"start":{"line":100,"column":4},"end":{"line":113,"column":null}},"38":{"start":{"line":104,"column":10},"end":{"line":104,"column":null}},"39":{"start":{"line":105,"column":10},"end":{"line":105,"column":null}},"40":{"start":{"line":109,"column":8},"end":{"line":112,"column":null}},"41":{"start":{"line":110,"column":10},"end":{"line":110,"column":null}},"42":{"start":{"line":111,"column":10},"end":{"line":111,"column":null}},"43":{"start":{"line":117,"column":4},"end":{"line":117,"column":null}},"44":{"start":{"line":118,"column":4},"end":{"line":118,"column":null}},"45":{"start":{"line":119,"column":4},"end":{"line":119,"column":null}},"46":{"start":{"line":120,"column":4},"end":{"line":120,"column":null}},"47":{"start":{"line":124,"column":4},"end":{"line":124,"column":null}},"48":{"start":{"line":125,"column":4},"end":{"line":125,"column":null}},"49":{"start":{"line":126,"column":4},"end":{"line":126,"column":null}},"50":{"start":{"line":127,"column":4},"end":{"line":127,"column":null}},"51":{"start":{"line":131,"column":4},"end":{"line":131,"column":null}},"52":{"start":{"line":131,"column":45},"end":{"line":131,"column":null}},"53":{"start":{"line":132,"column":4},"end":{"line":132,"column":null}},"54":{"start":{"line":136,"column":4},"end":{"line":136,"column":null}},"55":{"start":{"line":136,"column":45},"end":{"line":136,"column":null}},"56":{"start":{"line":137,"column":21},"end":{"line":137,"column":null}},"57":{"start":{"line":138,"column":4},"end":{"line":138,"column":null}},"58":{"start":{"line":142,"column":4},"end":{"line":142,"column":null}},"59":{"start":{"line":146,"column":4},"end":{"line":146,"column":null}},"60":{"start":{"line":29,"column":13},"end":{"line":29,"column":null}}},"fnMap":{"0":{"name":"(anonymous_0)","decl":{"start":{"line":50,"column":4},"end":{"line":50,"column":10}},"loc":{"start":{"line":50,"column":10},"end":{"line":50,"column":50}},"line":50},"1":{"name":"(anonymous_1)","decl":{"start":{"line":53,"column":2},"end":{"line":53,"column":8}},"loc":{"start":{"line":53,"column":56},"end":{"line":70,"column":null}},"line":53},"2":{"name":"(anonymous_2)","decl":{"start":{"line":60,"column":12},"end":{"line":60,"column":13}},"loc":{"start":{"line":60,"column":25},"end":{"line":63,"column":9}},"line":60},"3":{"name":"(anonymous_3)","decl":{"start":{"line":64,"column":19},"end":{"line":64,"column":20}},"loc":{"start":{"line":64,"column":29},"end":{"line":68,"column":9}},"line":64},"4":{"name":"(anonymous_4)","decl":{"start":{"line":72,"column":2},"end":{"line":72,"column":9}},"loc":{"start":{"line":72,"column":68},"end":{"line":89,"column":null}},"line":72},"5":{"name":"(anonymous_5)","decl":{"start":{"line":79,"column":12},"end":{"line":79,"column":13}},"loc":{"start":{"line":79,"column":25},"end":{"line":82,"column":9}},"line":79},"6":{"name":"(anonymous_6)","decl":{"start":{"line":83,"column":19},"end":{"line":83,"column":20}},"loc":{"start":{"line":83,"column":29},"end":{"line":87,"column":9}},"line":83},"7":{"name":"(anonymous_7)","decl":{"start":{"line":91,"column":2},"end":{"line":91,"column":8}},"loc":{"start":{"line":91,"column":8},"end":{"line":95,"column":null}},"line":91},"8":{"name":"(anonymous_8)","decl":{"start":{"line":97,"column":2},"end":{"line":97,"column":13}},"loc":{"start":{"line":97,"column":13},"end":{"line":114,"column":null}},"line":97},"9":{"name":"(anonymous_9)","decl":{"start":{"line":103,"column":19},"end":{"line":103,"column":24}},"loc":{"start":{"line":103,"column":24},"end":{"line":106,"column":9}},"line":103},"10":{"name":"(anonymous_10)","decl":{"start":{"line":108,"column":17},"end":{"line":108,"column":18}},"loc":{"start":{"line":108,"column":26},"end":{"line":113,"column":7}},"line":108},"11":{"name":"(anonymous_11)","decl":{"start":{"line":116,"column":10},"end":{"line":116,"column":21}},"loc":{"start":{"line":116,"column":44},"end":{"line":121,"column":null}},"line":116},"12":{"name":"(anonymous_12)","decl":{"start":{"line":123,"column":10},"end":{"line":123,"column":22}},"loc":{"start":{"line":123,"column":22},"end":{"line":128,"column":null}},"line":123},"13":{"name":"(anonymous_13)","decl":{"start":{"line":130,"column":10},"end":{"line":130,"column":30}},"loc":{"start":{"line":130,"column":30},"end":{"line":133,"column":null}},"line":130},"14":{"name":"(anonymous_14)","decl":{"start":{"line":135,"column":10},"end":{"line":135,"column":29}},"loc":{"start":{"line":135,"column":29},"end":{"line":139,"column":null}},"line":135},"15":{"name":"(anonymous_15)","decl":{"start":{"line":141,"column":10},"end":{"line":141,"column":29}},"loc":{"start":{"line":141,"column":42},"end":{"line":143,"column":null}},"line":141},"16":{"name":"(anonymous_16)","decl":{"start":{"line":145,"column":10},"end":{"line":145,"column":28}},"loc":{"start":{"line":145,"column":38},"end":{"line":147,"column":null}},"line":145}},"branchMap":{"0":{"loc":{"start":{"line":50,"column":10},"end":{"line":50,"column":50}},"type":"binary-expr","locations":[{"start":{"line":50,"column":10},"end":{"line":50,"column":29}},{"start":{"line":50,"column":29},"end":{"line":50,"column":50}}],"line":50},"1":{"loc":{"start":{"line":65,"column":26},"end":{"line":65,"column":64}},"type":"binary-expr","locations":[{"start":{"line":65,"column":26},"end":{"line":65,"column":50}},{"start":{"line":65,"column":50},"end":{"line":65,"column":64}}],"line":65},"2":{"loc":{"start":{"line":84,"column":26},"end":{"line":84,"column":65}},"type":"binary-expr","locations":[{"start":{"line":84,"column":26},"end":{"line":84,"column":50}},{"start":{"line":84,"column":50},"end":{"line":84,"column":65}}],"line":84},"3":{"loc":{"start":{"line":98,"column":4},"end":{"line":98,"column":null}},"type":"if","locations":[{"start":{"line":98,"column":4},"end":{"line":98,"column":null}},{"start":{},"end":{}}],"line":98},"4":{"loc":{"start":{"line":109,"column":8},"end":{"line":112,"column":null}},"type":"if","locations":[{"start":{"line":109,"column":8},"end":{"line":112,"column":null}},{"start":{},"end":{}}],"line":109},"5":{"loc":{"start":{"line":131,"column":4},"end":{"line":131,"column":null}},"type":"if","locations":[{"start":{"line":131,"column":4},"end":{"line":131,"column":null}},{"start":{},"end":{}}],"line":131},"6":{"loc":{"start":{"line":136,"column":4},"end":{"line":136,"column":null}},"type":"if","locations":[{"start":{"line":136,"column":4},"end":{"line":136,"column":null}},{"start":{},"end":{}}],"line":136},"7":{"loc":{"start":{"line":138,"column":11},"end":{"line":138,"column":null}},"type":"cond-expr","locations":[{"start":{"line":138,"column":22},"end":{"line":138,"column":45}},{"start":{"line":138,"column":45},"end":{"line":138,"column":null}}],"line":138}},"s":{"0":1,"1":1,"2":1,"3":1,"4":1,"5":1,"6":1,"7":1,"8":1,"9":1,"10":1,"11":1,"12":1,"13":1,"14":1,"15":0,"16":0,"17":0,"18":0,"19":0,"20":0,"21":0,"22":0,"23":0,"24":0,"25":0,"26":0,"27":0,"28":0,"29":0,"30":0,"31":0,"32":0,"33":0,"34":0,"35":0,"36":0,"37":0,"38":0,"39":0,"40":0,"41":0,"42":0,"43":0,"44":0,"45":0,"46":0,"47":0,"48":0,"49":0,"50":0,"51":1,"52":0,"53":1,"54":1,"55":0,"56":1,"57":1,"58":0,"59":0,"60":1},"f":{"0":0,"1":0,"2":0,"3":0,"4":0,"5":0,"6":0,"7":0,"8":0,"9":0,"10":0,"11":0,"12":0,"13":1,"14":1,"15":0,"16":0},"b":{"0":[0,0],"1":[0,0],"2":[0,0],"3":[0,0],"4":[0,0],"5":[0,1],"6":[0,1],"7":[0,1]},"meta":{"lastBranch":8,"lastFunction":17,"lastStatement":61,"seen":{"s:19:18:19:Infinity":0,"s:20:17:20:Infinity":1,"s:29:7:147:Infinity":2,"s:30:19:30:Infinity":3,"s:31:19:31:Infinity":4,"s:32:28:32:Infinity":5,"s:35:19:36:Infinity":6,"s:38:19:38:Infinity":7,"s:39:19:39:Infinity":8,"s:40:19:40:Infinity":9,"s:43:25:43:Infinity":10,"s:44:19:44:Infinity":11,"s:45:21:45:Infinity":12,"s:46:19:46:Infinity":13,"s:49:11:50:Infinity":14,"f:50:4:50:10":0,"s:50:10:50:50":15,"b:50:10:50:29:50:29:50:50":0,"f:53:2:53:8":1,"s:54:4:54:Infinity":16,"s:55:4:55:Infinity":17,"s:57:4:68:Infinity":18,"f:60:12:60:13":2,"s:61:10:61:Infinity":19,"s:62:10:62:Infinity":20,"f:64:19:64:20":3,"s:65:10:65:Infinity":21,"b:65:26:65:50:65:50:65:64":1,"s:66:10:66:Infinity":22,"s:67:10:67:Infinity":23,"f:72:2:72:9":4,"s:73:4:73:Infinity":24,"s:74:4:74:Infinity":25,"s:76:4:87:Infinity":26,"f:79:12:79:13":5,"s:80:10:80:Infinity":27,"s:81:10:81:Infinity":28,"f:83:19:83:20":6,"s:84:10:84:Infinity":29,"b:84:26:84:50:84:50:84:65":2,"s:85:10:85:Infinity":30,"s:86:10:86:Infinity":31,"f:91:2:91:8":7,"s:92:4:92:Infinity":32,"s:93:4:93:Infinity":33,"s:94:4:94:Infinity":34,"f:97:2:97:13":8,"b:98:4:98:Infinity:undefined:undefined:undefined:undefined":3,"s:98:4:98:Infinity":35,"s:98:24:98:Infinity":36,"s:100:4:113:Infinity":37,"f:103:19:103:24":9,"s:104:10:104:Infinity":38,"s:105:10:105:Infinity":39,"f:108:17:108:18":10,"b:109:8:112:Infinity:undefined:undefined:undefined:undefined":4,"s:109:8:112:Infinity":40,"s:110:10:110:Infinity":41,"s:111:10:111:Infinity":42,"f:116:10:116:21":11,"s:117:4:117:Infinity":43,"s:118:4:118:Infinity":44,"s:119:4:119:Infinity":45,"s:120:4:120:Infinity":46,"f:123:10:123:22":12,"s:124:4:124:Infinity":47,"s:125:4:125:Infinity":48,"s:126:4:126:Infinity":49,"s:127:4:127:Infinity":50,"f:130:10:130:30":13,"b:131:4:131:Infinity:undefined:undefined:undefined:undefined":5,"s:131:4:131:Infinity":51,"s:131:45:131:Infinity":52,"s:132:4:132:Infinity":53,"f:135:10:135:29":14,"b:136:4:136:Infinity:undefined:undefined:undefined:undefined":6,"s:136:4:136:Infinity":54,"s:136:45:136:Infinity":55,"s:137:21:137:Infinity":56,"s:138:4:138:Infinity":57,"b:138:22:138:45:138:45:138:Infinity":7,"f:141:10:141:29":15,"s:142:4:142:Infinity":58,"f:145:10:145:28":16,"s:146:4:146:Infinity":59,"s:29:13:29:Infinity":60}}}
,"G:\\WORK\\angular-clean-architecture\\apps\\sandbox\\src\\app\\core\\language-selector\\language-selector.component.ts": {"path":"G:\\WORK\\angular-clean-architecture\\apps\\sandbox\\src\\app\\core\\language-selector\\language-selector.component.ts","statementMap":{"0":{"start":{"line":45,"column":7},"end":{"line":61,"column":null}},"1":{"start":{"line":46,"column":2},"end":{"line":46,"column":null}},"2":{"start":{"line":48,"column":14},"end":{"line":51,"column":null}},"3":{"start":{"line":54,"column":2},"end":{"line":57,"column":null}},"4":{"start":{"line":55,"column":20},"end":{"line":55,"column":null}},"5":{"start":{"line":56,"column":4},"end":{"line":56,"column":null}},"6":{"start":{"line":56,"column":38},"end":{"line":56,"column":56}},"7":{"start":{"line":60,"column":4},"end":{"line":60,"column":null}},"8":{"start":{"line":45,"column":13},"end":{"line":45,"column":null}}},"fnMap":{"0":{"name":"(anonymous_0)","decl":{"start":{"line":54,"column":30},"end":{"line":54,"column":35}},"loc":{"start":{"line":54,"column":35},"end":{"line":57,"column":3}},"line":54},"1":{"name":"(anonymous_1)","decl":{"start":{"line":56,"column":31},"end":{"line":56,"column":32}},"loc":{"start":{"line":56,"column":38},"end":{"line":56,"column":56}},"line":56},"2":{"name":"(anonymous_2)","decl":{"start":{"line":59,"column":2},"end":{"line":59,"column":13}},"loc":{"start":{"line":59,"column":25},"end":{"line":61,"column":null}},"line":59}},"branchMap":{"0":{"loc":{"start":{"line":56,"column":11},"end":{"line":56,"column":null}},"type":"binary-expr","locations":[{"start":{"line":56,"column":11},"end":{"line":56,"column":68}},{"start":{"line":56,"column":68},"end":{"line":56,"column":null}}],"line":56}},"s":{"0":1,"1":1,"2":1,"3":1,"4":0,"5":0,"6":0,"7":0,"8":1},"f":{"0":0,"1":0,"2":0},"b":{"0":[0,0]},"meta":{"lastBranch":1,"lastFunction":3,"lastStatement":9,"seen":{"s:45:7:61:Infinity":0,"s:46:2:46:Infinity":1,"s:48:14:51:Infinity":2,"s:54:2:57:Infinity":3,"f:54:30:54:35":0,"s:55:20:55:Infinity":4,"s:56:4:56:Infinity":5,"b:56:11:56:68:56:68:56:Infinity":0,"f:56:31:56:32":1,"s:56:38:56:56":6,"f:59:2:59:13":2,"s:60:4:60:Infinity":7,"s:45:13:45:Infinity":8}}}
,"G:\\WORK\\angular-clean-architecture\\apps\\sandbox\\src\\app\\core\\menu\\menu.component.html": {"path":"G:\\WORK\\angular-clean-architecture\\apps\\sandbox\\src\\app\\core\\menu\\menu.component.html","statementMap":{},"fnMap":{},"branchMap":{},"s":{},"f":{},"b":{},"meta":{"lastBranch":0,"lastFunction":0,"lastStatement":0,"seen":{}}}
,"G:\\WORK\\angular-clean-architecture\\apps\\sandbox\\src\\app\\core\\menu\\menu.component.scss": {"path":"G:\\WORK\\angular-clean-architecture\\apps\\sandbox\\src\\app\\core\\menu\\menu.component.scss","statementMap":{},"fnMap":{},"branchMap":{},"s":{},"f":{},"b":{},"meta":{"lastBranch":0,"lastFunction":0,"lastStatement":0,"seen":{}}}
,"G:\\WORK\\angular-clean-architecture\\apps\\sandbox\\src\\app\\core\\menu\\menu.component.ts": {"path":"G:\\WORK\\angular-clean-architecture\\apps\\sandbox\\src\\app\\core\\menu\\menu.component.ts","statementMap":{"0":{"start":{"line":13,"column":7},"end":{"line":28,"column":null}},"1":{"start":{"line":14,"column":19},"end":{"line":14,"column":null}},"2":{"start":{"line":17,"column":4},"end":{"line":27,"column":null}},"3":{"start":{"line":18,"column":25},"end":{"line":18,"column":56}},"4":{"start":{"line":19,"column":23},"end":{"line":27,"column":null}},"5":{"start":{"line":25,"column":24},"end":{"line":25,"column":62}},"6":{"start":{"line":13,"column":13},"end":{"line":13,"column":null}}},"fnMap":{"0":{"name":"(anonymous_0)","decl":{"start":{"line":16,"column":6},"end":{"line":16,"column":14}},"loc":{"start":{"line":16,"column":14},"end":{"line":28,"column":null}},"line":16},"1":{"name":"(anonymous_1)","decl":{"start":{"line":18,"column":14},"end":{"line":18,"column":15}},"loc":{"start":{"line":18,"column":25},"end":{"line":18,"column":56}},"line":18},"2":{"name":"(anonymous_2)","decl":{"start":{"line":19,"column":11},"end":{"line":19,"column":12}},"loc":{"start":{"line":19,"column":23},"end":{"line":27,"column":null}},"line":19},"3":{"name":"(anonymous_3)","decl":{"start":{"line":25,"column":17},"end":{"line":25,"column":18}},"loc":{"start":{"line":25,"column":24},"end":{"line":25,"column":62}},"line":25}},"branchMap":{"0":{"loc":{"start":{"line":18,"column":25},"end":{"line":18,"column":56}},"type":"binary-expr","locations":[{"start":{"line":18,"column":25},"end":{"line":18,"column":39}},{"start":{"line":18,"column":39},"end":{"line":18,"column":56}}],"line":18},"1":{"loc":{"start":{"line":22,"column":10},"end":{"line":26,"column":null}},"type":"binary-expr","locations":[{"start":{"line":22,"column":10},"end":{"line":22,"column":null}},{"start":{"line":23,"column":10},"end":{"line":26,"column":null}}],"line":22}},"s":{"0":1,"1":1,"2":0,"3":0,"4":0,"5":0,"6":1},"f":{"0":0,"1":0,"2":0,"3":0},"b":{"0":[0,0],"1":[0,0]},"meta":{"lastBranch":2,"lastFunction":4,"lastStatement":7,"seen":{"s:13:7:28:Infinity":0,"s:14:19:14:Infinity":1,"f:16:6:16:14":0,"s:17:4:27:Infinity":2,"f:18:14:18:15":1,"s:18:25:18:56":3,"b:18:25:18:39:18:39:18:56":0,"f:19:11:19:12":2,"s:19:23:27:Infinity":4,"b:22:10:22:Infinity:23:10:26:Infinity":1,"f:25:17:25:18":3,"s:25:24:25:62":5,"s:13:13:13:Infinity":6}}}
,"G:\\WORK\\angular-clean-architecture\\apps\\sandbox\\src\\app\\core\\navbar\\navbar.component.html": {"path":"G:\\WORK\\angular-clean-architecture\\apps\\sandbox\\src\\app\\core\\navbar\\navbar.component.html","statementMap":{},"fnMap":{},"branchMap":{},"s":{},"f":{},"b":{},"meta":{"lastBranch":0,"lastFunction":0,"lastStatement":0,"seen":{}}}
,"G:\\WORK\\angular-clean-architecture\\apps\\sandbox\\src\\app\\core\\navbar\\navbar.component.scss": {"path":"G:\\WORK\\angular-clean-architecture\\apps\\sandbox\\src\\app\\core\\navbar\\navbar.component.scss","statementMap":{},"fnMap":{},"branchMap":{},"s":{},"f":{},"b":{},"meta":{"lastBranch":0,"lastFunction":0,"lastStatement":0,"seen":{}}}
,"G:\\WORK\\angular-clean-architecture\\apps\\sandbox\\src\\app\\core\\navbar\\navbar.component.ts": {"path":"G:\\WORK\\angular-clean-architecture\\apps\\sandbox\\src\\app\\core\\navbar\\navbar.component.ts","statementMap":{"0":{"start":{"line":31,"column":7},"end":{"line":42,"column":null}},"1":{"start":{"line":32,"column":21},"end":{"line":32,"column":null}},"2":{"start":{"line":34,"column":11},"end":{"line":34,"column":null}},"3":{"start":{"line":37,"column":4},"end":{"line":37,"column":null}},"4":{"start":{"line":41,"column":4},"end":{"line":41,"column":null}},"5":{"start":{"line":31,"column":13},"end":{"line":31,"column":null}}},"fnMap":{"0":{"name":"(anonymous_0)","decl":{"start":{"line":36,"column":2},"end":{"line":36,"column":17}},"loc":{"start":{"line":36,"column":17},"end":{"line":38,"column":null}},"line":36},"1":{"name":"(anonymous_1)","decl":{"start":{"line":40,"column":2},"end":{"line":40,"column":10}},"loc":{"start":{"line":40,"column":10},"end":{"line":42,"column":null}},"line":40}},"branchMap":{},"s":{"0":1,"1":1,"2":1,"3":0,"4":0,"5":1},"f":{"0":0,"1":0},"b":{},"meta":{"lastBranch":0,"lastFunction":2,"lastStatement":6,"seen":{"s:31:7:42:Infinity":0,"s:32:21:32:Infinity":1,"s:34:11:34:Infinity":2,"f:36:2:36:17":0,"s:37:4:37:Infinity":3,"f:40:2:40:10":1,"s:41:4:41:Infinity":4,"s:31:13:31:Infinity":5}}}
,"G:\\WORK\\angular-clean-architecture\\apps\\sandbox\\src\\app\\core\\theme-selector\\theme-selector.component.ts": {"path":"G:\\WORK\\angular-clean-architecture\\apps\\sandbox\\src\\app\\core\\theme-selector\\theme-selector.component.ts","statementMap":{"0":{"start":{"line":30,"column":7},"end":{"line":59,"column":null}},"1":{"start":{"line":31,"column":11},"end":{"line":31,"column":null}},"2":{"start":{"line":34,"column":4},"end":{"line":36,"column":null}},"3":{"start":{"line":35,"column":6},"end":{"line":35,"column":null}},"4":{"start":{"line":40,"column":4},"end":{"line":40,"column":null}},"5":{"start":{"line":40,"column":33},"end":{"line":40,"column":38}},"6":{"start":{"line":44,"column":19},"end":{"line":44,"column":null}},"7":{"start":{"line":45,"column":4},"end":{"line":45,"column":null}},"8":{"start":{"line":45,"column":16},"end":{"line":45,"column":null}},"9":{"start":{"line":46,"column":4},"end":{"line":48,"column":null}},"10":{"start":{"line":52,"column":4},"end":{"line":52,"column":null}},"11":{"start":{"line":53,"column":4},"end":{"line":57,"column":null}},"12":{"start":{"line":54,"column":6},"end":{"line":54,"column":null}},"13":{"start":{"line":56,"column":6},"end":{"line":56,"column":null}},"14":{"start":{"line":58,"column":4},"end":{"line":58,"column":null}},"15":{"start":{"line":30,"column":13},"end":{"line":30,"column":null}}},"fnMap":{"0":{"name":"(anonymous_0)","decl":{"start":{"line":33,"column":2},"end":{"line":33,"column":null}},"loc":{"start":{"line":33,"column":2},"end":{"line":37,"column":null}},"line":33},"1":{"name":"(anonymous_1)","decl":{"start":{"line":34,"column":11},"end":{"line":34,"column":16}},"loc":{"start":{"line":34,"column":16},"end":{"line":36,"column":5}},"line":34},"2":{"name":"(anonymous_2)","decl":{"start":{"line":39,"column":2},"end":{"line":39,"column":13}},"loc":{"start":{"line":39,"column":13},"end":{"line":41,"column":null}},"line":39},"3":{"name":"(anonymous_3)","decl":{"start":{"line":40,"column":23},"end":{"line":40,"column":24}},"loc":{"start":{"line":40,"column":33},"end":{"line":40,"column":38}},"line":40},"4":{"name":"(anonymous_4)","decl":{"start":{"line":43,"column":10},"end":{"line":43,"column":25}},"loc":{"start":{"line":43,"column":25},"end":{"line":49,"column":null}},"line":43},"5":{"name":"(anonymous_5)","decl":{"start":{"line":51,"column":10},"end":{"line":51,"column":21}},"loc":{"start":{"line":51,"column":33},"end":{"line":59,"column":null}},"line":51}},"branchMap":{"0":{"loc":{"start":{"line":35,"column":22},"end":{"line":35,"column":54}},"type":"cond-expr","locations":[{"start":{"line":35,"column":38},"end":{"line":35,"column":47}},{"start":{"line":35,"column":47},"end":{"line":35,"column":54}}],"line":35},"1":{"loc":{"start":{"line":45,"column":4},"end":{"line":45,"column":null}},"type":"if","locations":[{"start":{"line":45,"column":4},"end":{"line":45,"column":null}},{"start":{},"end":{}}],"line":45},"2":{"loc":{"start":{"line":46,"column":11},"end":{"line":48,"column":null}},"type":"cond-expr","locations":[{"start":{"line":47,"column":8},"end":{"line":47,"column":null}},{"start":{"line":48,"column":8},"end":{"line":48,"column":null}}],"line":46},"3":{"loc":{"start":{"line":53,"column":4},"end":{"line":57,"column":null}},"type":"if","locations":[{"start":{"line":53,"column":4},"end":{"line":57,"column":null}},{"start":{"line":55,"column":11},"end":{"line":57,"column":null}}],"line":53}},"s":{"0":1,"1":1,"2":1,"3":0,"4":0,"5":0,"6":1,"7":1,"8":0,"9":1,"10":0,"11":0,"12":0,"13":0,"14":0,"15":1},"f":{"0":1,"1":0,"2":0,"3":0,"4":1,"5":0},"b":{"0":[0,0],"1":[0,1],"2":[0,1],"3":[0,0]},"meta":{"lastBranch":4,"lastFunction":6,"lastStatement":16,"seen":{"s:30:7:59:Infinity":0,"s:31:11:31:Infinity":1,"f:33:2:33:Infinity":0,"s:34:4:36:Infinity":2,"f:34:11:34:16":1,"s:35:6:35:Infinity":3,"b:35:38:35:47:35:47:35:54":0,"f:39:2:39:13":2,"s:40:4:40:Infinity":4,"f:40:23:40:24":3,"s:40:33:40:38":5,"f:43:10:43:25":4,"s:44:19:44:Infinity":6,"b:45:4:45:Infinity:undefined:undefined:undefined:undefined":1,"s:45:4:45:Infinity":7,"s:45:16:45:Infinity":8,"s:46:4:48:Infinity":9,"b:47:8:47:Infinity:48:8:48:Infinity":2,"f:51:10:51:21":5,"s:52:4:52:Infinity":10,"b:53:4:57:Infinity:55:11:57:Infinity":3,"s:53:4:57:Infinity":11,"s:54:6:54:Infinity":12,"s:56:6:56:Infinity":13,"s:58:4:58:Infinity":14,"s:30:13:30:Infinity":15}}}
,"G:\\WORK\\angular-clean-architecture\\apps\\sandbox\\src\\app\\core\\translate\\translate.service.ts": {"path":"G:\\WORK\\angular-clean-architecture\\apps\\sandbox\\src\\app\\core\\translate\\translate.service.ts","statementMap":{"0":{"start":{"line":6,"column":7},"end":{"line":23,"column":null}},"1":{"start":{"line":7,"column":9},"end":{"line":7,"column":null}},"2":{"start":{"line":8,"column":46},"end":{"line":8,"column":null}},"3":{"start":{"line":13,"column":4},"end":{"line":13,"column":null}},"4":{"start":{"line":18,"column":4},"end":{"line":18,"column":null}},"5":{"start":{"line":22,"column":4},"end":{"line":22,"column":null}},"6":{"start":{"line":6,"column":13},"end":{"line":6,"column":null}}},"fnMap":{"0":{"name":"(anonymous_0)","decl":{"start":{"line":10,"column":2},"end":{"line":10,"column":17}},"loc":{"start":{"line":10,"column":2},"end":{"line":10,"column":null}},"line":10},"1":{"name":"(anonymous_1)","decl":{"start":{"line":12,"column":2},"end":{"line":12,"column":14}},"loc":{"start":{"line":12,"column":26},"end":{"line":15,"column":null}},"line":12},"2":{"name":"(anonymous_2)","decl":{"start":{"line":17,"column":2},"end":{"line":17,"column":6}},"loc":{"start":{"line":17,"column":17},"end":{"line":19,"column":null}},"line":17},"3":{"name":"(anonymous_3)","decl":{"start":{"line":21,"column":2},"end":{"line":21,"column":10}},"loc":{"start":{"line":21,"column":21},"end":{"line":23,"column":null}},"line":21}},"branchMap":{"0":{"loc":{"start":{"line":18,"column":11},"end":{"line":18,"column":null}},"type":"binary-expr","locations":[{"start":{"line":18,"column":11},"end":{"line":18,"column":37}},{"start":{"line":18,"column":37},"end":{"line":18,"column":null}}],"line":18}},"s":{"0":1,"1":1,"2":1,"3":0,"4":0,"5":0,"6":1},"f":{"0":1,"1":0,"2":0,"3":0},"b":{"0":[0,0]},"meta":{"lastBranch":1,"lastFunction":4,"lastStatement":7,"seen":{"s:6:7:23:Infinity":0,"s:7:9:7:Infinity":1,"s:8:46:8:Infinity":2,"f:10:2:10:17":0,"f:12:2:12:14":1,"s:13:4:13:Infinity":3,"f:17:2:17:6":2,"s:18:4:18:Infinity":4,"b:18:11:18:37:18:37:18:Infinity":0,"f:21:2:21:10":3,"s:22:4:22:Infinity":5,"s:6:13:6:Infinity":6}}}
,"G:\\WORK\\angular-clean-architecture\\apps\\sandbox\\src\\app\\features\\authors\\application\\store.ts": {"path":"G:\\WORK\\angular-clean-architecture\\apps\\sandbox\\src\\app\\features\\authors\\application\\store.ts","statementMap":{"0":{"start":{"line":25,"column":13},"end":{"line":173,"column":null}},"1":{"start":{"line":35,"column":27},"end":{"line":61,"column":null}},"2":{"start":{"line":37,"column":18},"end":{"line":37,"column":null}},"3":{"start":{"line":40,"column":21},"end":{"line":40,"column":null}},"4":{"start":{"line":41,"column":6},"end":{"line":47,"column":null}},"5":{"start":{"line":42,"column":8},"end":{"line":45,"column":null}},"6":{"start":{"line":43,"column":10},"end":{"line":44,"column":null}},"7":{"start":{"line":44,"column":12},"end":{"line":44,"column":54}},"8":{"start":{"line":50,"column":20},"end":{"line":50,"column":null}},"9":{"start":{"line":51,"column":24},"end":{"line":51,"column":null}},"10":{"start":{"line":52,"column":6},"end":{"line":57,"column":null}},"11":{"start":{"line":53,"column":21},"end":{"line":53,"column":null}},"12":{"start":{"line":54,"column":21},"end":{"line":54,"column":null}},"13":{"start":{"line":55,"column":27},"end":{"line":55,"column":null}},"14":{"start":{"line":56,"column":8},"end":{"line":56,"column":null}},"15":{"start":{"line":59,"column":6},"end":{"line":59,"column":null}},"16":{"start":{"line":67,"column":10},"end":{"line":172,"column":null}},"17":{"start":{"line":70,"column":14},"end":{"line":70,"column":69}},"18":{"start":{"line":72,"column":12},"end":{"line":82,"column":null}},"19":{"start":{"line":74,"column":23},"end":{"line":74,"column":null}},"20":{"start":{"line":76,"column":18},"end":{"line":76,"column":null}},"21":{"start":{"line":77,"column":18},"end":{"line":80,"column":null}},"22":{"start":{"line":90,"column":14},"end":{"line":90,"column":69}},"23":{"start":{"line":92,"column":12},"end":{"line":108,"column":null}},"24":{"start":{"line":95,"column":18},"end":{"line":95,"column":null}},"25":{"start":{"line":96,"column":18},"end":{"line":99,"column":null}},"26":{"start":{"line":96,"column":48},"end":{"line":99,"column":null}},"27":{"start":{"line":102,"column":18},"end":{"line":102,"column":null}},"28":{"start":{"line":103,"column":18},"end":{"line":106,"column":null}},"29":{"start":{"line":116,"column":14},"end":{"line":116,"column":69}},"30":{"start":{"line":118,"column":12},"end":{"line":136,"column":null}},"31":{"start":{"line":121,"column":18},"end":{"line":121,"column":null}},"32":{"start":{"line":122,"column":18},"end":{"line":127,"column":null}},"33":{"start":{"line":122,"column":48},"end":{"line":127,"column":null}},"34":{"start":{"line":124,"column":22},"end":{"line":124,"column":53}},"35":{"start":{"line":130,"column":18},"end":{"line":130,"column":null}},"36":{"start":{"line":131,"column":18},"end":{"line":134,"column":null}},"37":{"start":{"line":144,"column":14},"end":{"line":144,"column":69}},"38":{"start":{"line":146,"column":12},"end":{"line":162,"column":null}},"39":{"start":{"line":149,"column":18},"end":{"line":149,"column":null}},"40":{"start":{"line":150,"column":18},"end":{"line":153,"column":null}},"41":{"start":{"line":150,"column":48},"end":{"line":153,"column":null}},"42":{"start":{"line":151,"column":56},"end":{"line":151,"column":70}},"43":{"start":{"line":156,"column":18},"end":{"line":156,"column":null}},"44":{"start":{"line":157,"column":18},"end":{"line":160,"column":null}},"45":{"start":{"line":168,"column":18},"end":{"line":168,"column":null}},"46":{"start":{"line":170,"column":37},"end":{"line":171,"column":null}}},"fnMap":{"0":{"name":"(anonymous_0)","decl":{"start":{"line":35,"column":15},"end":{"line":35,"column":16}},"loc":{"start":{"line":35,"column":27},"end":{"line":61,"column":null}},"line":35},"1":{"name":"(anonymous_1)","decl":{"start":{"line":36,"column":37},"end":{"line":36,"column":42}},"loc":{"start":{"line":36,"column":42},"end":{"line":60,"column":5}},"line":36},"2":{"name":"(anonymous_2)","decl":{"start":{"line":42,"column":29},"end":{"line":42,"column":30}},"loc":{"start":{"line":43,"column":10},"end":{"line":44,"column":null}},"line":43},"3":{"name":"(anonymous_3)","decl":{"start":{"line":43,"column":35},"end":{"line":43,"column":36}},"loc":{"start":{"line":44,"column":12},"end":{"line":44,"column":54}},"line":44},"4":{"name":"(anonymous_4)","decl":{"start":{"line":52,"column":17},"end":{"line":52,"column":18}},"loc":{"start":{"line":52,"column":26},"end":{"line":57,"column":7}},"line":52},"5":{"name":"(anonymous_5)","decl":{"start":{"line":63,"column":4},"end":{"line":63,"column":null}},"loc":{"start":{"line":67,"column":10},"end":{"line":172,"column":null}},"line":67},"6":{"name":"(anonymous_6)","decl":{"start":{"line":70,"column":14},"end":{"line":70,"column":20}},"loc":{"start":{"line":70,"column":14},"end":{"line":70,"column":69}},"line":70},"7":{"name":"(anonymous_7)","decl":{"start":{"line":71,"column":20},"end":{"line":71,"column":null}},"loc":{"start":{"line":72,"column":12},"end":{"line":82,"column":null}},"line":72},"8":{"name":"(anonymous_8)","decl":{"start":{"line":74,"column":22},"end":{"line":74,"column":23}},"loc":{"start":{"line":74,"column":23},"end":{"line":74,"column":null}},"line":74},"9":{"name":"(anonymous_9)","decl":{"start":{"line":75,"column":23},"end":{"line":75,"column":24}},"loc":{"start":{"line":75,"column":38},"end":{"line":81,"column":null}},"line":75},"10":{"name":"(anonymous_10)","decl":{"start":{"line":90,"column":14},"end":{"line":90,"column":20}},"loc":{"start":{"line":90,"column":14},"end":{"line":90,"column":69}},"line":90},"11":{"name":"(anonymous_11)","decl":{"start":{"line":91,"column":20},"end":{"line":91,"column":21}},"loc":{"start":{"line":92,"column":12},"end":{"line":108,"column":null}},"line":92},"12":{"name":"(anonymous_12)","decl":{"start":{"line":94,"column":22},"end":{"line":94,"column":23}},"loc":{"start":{"line":94,"column":31},"end":{"line":100,"column":null}},"line":94},"13":{"name":"(anonymous_13)","decl":{"start":{"line":96,"column":36},"end":{"line":96,"column":37}},"loc":{"start":{"line":96,"column":48},"end":{"line":99,"column":null}},"line":96},"14":{"name":"(anonymous_14)","decl":{"start":{"line":101,"column":23},"end":{"line":101,"column":24}},"loc":{"start":{"line":101,"column":38},"end":{"line":107,"column":null}},"line":101},"15":{"name":"(anonymous_15)","decl":{"start":{"line":116,"column":14},"end":{"line":116,"column":20}},"loc":{"start":{"line":116,"column":14},"end":{"line":116,"column":69}},"line":116},"16":{"name":"(anonymous_16)","decl":{"start":{"line":117,"column":20},"end":{"line":117,"column":21}},"loc":{"start":{"line":118,"column":12},"end":{"line":136,"column":null}},"line":118},"17":{"name":"(anonymous_17)","decl":{"start":{"line":120,"column":22},"end":{"line":120,"column":23}},"loc":{"start":{"line":120,"column":34},"end":{"line":128,"column":null}},"line":120},"18":{"name":"(anonymous_18)","decl":{"start":{"line":122,"column":36},"end":{"line":122,"column":37}},"loc":{"start":{"line":122,"column":48},"end":{"line":127,"column":null}},"line":122},"19":{"name":"(anonymous_19)","decl":{"start":{"line":123,"column":43},"end":{"line":123,"column":44}},"loc":{"start":{"line":124,"column":22},"end":{"line":124,"column":53}},"line":124},"20":{"name":"(anonymous_20)","decl":{"start":{"line":129,"column":23},"end":{"line":129,"column":24}},"loc":{"start":{"line":129,"column":38},"end":{"line":135,"column":null}},"line":129},"21":{"name":"(anonymous_21)","decl":{"start":{"line":144,"column":14},"end":{"line":144,"column":20}},"loc":{"start":{"line":144,"column":14},"end":{"line":144,"column":69}},"line":144},"22":{"name":"(anonymous_22)","decl":{"start":{"line":145,"column":20},"end":{"line":145,"column":21}},"loc":{"start":{"line":146,"column":12},"end":{"line":162,"column":null}},"line":146},"23":{"name":"(anonymous_23)","decl":{"start":{"line":148,"column":22},"end":{"line":148,"column":27}},"loc":{"start":{"line":148,"column":27},"end":{"line":154,"column":null}},"line":148},"24":{"name":"(anonymous_24)","decl":{"start":{"line":150,"column":36},"end":{"line":150,"column":37}},"loc":{"start":{"line":150,"column":48},"end":{"line":153,"column":null}},"line":150},"25":{"name":"(anonymous_25)","decl":{"start":{"line":151,"column":46},"end":{"line":151,"column":47}},"loc":{"start":{"line":151,"column":56},"end":{"line":151,"column":70}},"line":151},"26":{"name":"(anonymous_26)","decl":{"start":{"line":155,"column":23},"end":{"line":155,"column":24}},"loc":{"start":{"line":155,"column":38},"end":{"line":161,"column":null}},"line":155},"27":{"name":"(anonymous_27)","decl":{"start":{"line":168,"column":17},"end":{"line":168,"column":18}},"loc":{"start":{"line":168,"column":18},"end":{"line":168,"column":null}},"line":168},"28":{"name":"(anonymous_28)","decl":{"start":{"line":170,"column":15},"end":{"line":170,"column":16}},"loc":{"start":{"line":170,"column":37},"end":{"line":171,"column":null}},"line":170}},"branchMap":{"0":{"loc":{"start":{"line":41,"column":6},"end":{"line":47,"column":null}},"type":"if","locations":[{"start":{"line":41,"column":6},"end":{"line":47,"column":null}},{"start":{},"end":{}}],"line":41},"1":{"loc":{"start":{"line":55,"column":27},"end":{"line":55,"column":null}},"type":"cond-expr","locations":[{"start":{"line":55,"column":41},"end":{"line":55,"column":46}},{"start":{"line":55,"column":46},"end":{"line":55,"column":null}}],"line":55},"2":{"loc":{"start":{"line":55,"column":46},"end":{"line":55,"column":null}},"type":"cond-expr","locations":[{"start":{"line":55,"column":60},"end":{"line":55,"column":64}},{"start":{"line":55,"column":64},"end":{"line":55,"column":null}}],"line":55},"3":{"loc":{"start":{"line":56,"column":15},"end":{"line":56,"column":null}},"type":"cond-expr","locations":[{"start":{"line":56,"column":37},"end":{"line":56,"column":50}},{"start":{"line":56,"column":50},"end":{"line":56,"column":null}}],"line":56},"4":{"loc":{"start":{"line":65,"column":6},"end":{"line":65,"column":null}},"type":"default-arg","locations":[{"start":{"line":65,"column":6},"end":{"line":65,"column":null}}],"line":65},"5":{"loc":{"start":{"line":66,"column":6},"end":{"line":66,"column":null}},"type":"default-arg","locations":[{"start":{"line":66,"column":6},"end":{"line":66,"column":null}}],"line":66},"6":{"loc":{"start":{"line":78,"column":27},"end":{"line":78,"column":null}},"type":"binary-expr","locations":[{"start":{"line":78,"column":27},"end":{"line":78,"column":45}},{"start":{"line":78,"column":45},"end":{"line":78,"column":null}}],"line":78},"7":{"loc":{"start":{"line":104,"column":27},"end":{"line":104,"column":null}},"type":"binary-expr","locations":[{"start":{"line":104,"column":27},"end":{"line":104,"column":45}},{"start":{"line":104,"column":45},"end":{"line":104,"column":null}}],"line":104},"8":{"loc":{"start":{"line":124,"column":22},"end":{"line":124,"column":53}},"type":"cond-expr","locations":[{"start":{"line":124,"column":39},"end":{"line":124,"column":49}},{"start":{"line":124,"column":49},"end":{"line":124,"column":53}}],"line":124},"9":{"loc":{"start":{"line":132,"column":27},"end":{"line":132,"column":null}},"type":"binary-expr","locations":[{"start":{"line":132,"column":27},"end":{"line":132,"column":45}},{"start":{"line":132,"column":45},"end":{"line":132,"column":null}}],"line":132},"10":{"loc":{"start":{"line":158,"column":27},"end":{"line":158,"column":null}},"type":"binary-expr","locations":[{"start":{"line":158,"column":27},"end":{"line":158,"column":45}},{"start":{"line":158,"column":45},"end":{"line":158,"column":null}}],"line":158}},"s":{"0":2,"1":8,"2":0,"3":0,"4":0,"5":0,"6":0,"7":0,"8":0,"9":0,"10":0,"11":0,"12":0,"13":0,"14":0,"15":0,"16":8,"17":4,"18":4,"19":3,"20":1,"21":1,"22":1,"23":1,"24":1,"25":1,"26":1,"27":0,"28":0,"29":1,"30":1,"31":1,"32":1,"33":1,"34":1,"35":0,"36":0,"37":1,"38":1,"39":1,"40":1,"41":1,"42":1,"43":0,"44":0,"45":1,"46":1},"f":{"0":8,"1":0,"2":0,"3":0,"4":0,"5":8,"6":4,"7":4,"8":3,"9":1,"10":1,"11":1,"12":1,"13":1,"14":0,"15":1,"16":1,"17":1,"18":1,"19":1,"20":0,"21":1,"22":1,"23":1,"24":1,"25":1,"26":0,"27":1,"28":1},"b":{"0":[0,0],"1":[0,0],"2":[0,0],"3":[0,0],"4":[8],"5":[8],"6":[1,0],"7":[0,0],"8":[1,0],"9":[0,0],"10":[0,0]},"meta":{"lastBranch":11,"lastFunction":29,"lastStatement":47,"seen":{"s:25:13:173:Infinity":0,"f:35:15:35:16":0,"s:35:27:61:Infinity":1,"f:36:37:36:42":1,"s:37:18:37:Infinity":2,"s:40:21:40:Infinity":3,"b:41:6:47:Infinity:undefined:undefined:undefined:undefined":0,"s:41:6:47:Infinity":4,"s:42:8:45:Infinity":5,"f:42:29:42:30":2,"s:43:10:44:Infinity":6,"f:43:35:43:36":3,"s:44:12:44:54":7,"s:50:20:50:Infinity":8,"s:51:24:51:Infinity":9,"s:52:6:57:Infinity":10,"f:52:17:52:18":4,"s:53:21:53:Infinity":11,"s:54:21:54:Infinity":12,"s:55:27:55:Infinity":13,"b:55:41:55:46:55:46:55:Infinity":1,"b:55:60:55:64:55:64:55:Infinity":2,"s:56:8:56:Infinity":14,"b:56:37:56:50:56:50:56:Infinity":3,"s:59:6:59:Infinity":15,"f:63:4:63:Infinity":5,"s:67:10:172:Infinity":16,"b:65:6:65:Infinity":4,"b:66:6:66:Infinity":5,"f:70:14:70:20":6,"s:70:14:70:69":17,"f:71:20:71:Infinity":7,"s:72:12:82:Infinity":18,"f:74:22:74:23":8,"s:74:23:74:Infinity":19,"f:75:23:75:24":9,"s:76:18:76:Infinity":20,"s:77:18:80:Infinity":21,"b:78:27:78:45:78:45:78:Infinity":6,"f:90:14:90:20":10,"s:90:14:90:69":22,"f:91:20:91:21":11,"s:92:12:108:Infinity":23,"f:94:22:94:23":12,"s:95:18:95:Infinity":24,"s:96:18:99:Infinity":25,"f:96:36:96:37":13,"s:96:48:99:Infinity":26,"f:101:23:101:24":14,"s:102:18:102:Infinity":27,"s:103:18:106:Infinity":28,"b:104:27:104:45:104:45:104:Infinity":7,"f:116:14:116:20":15,"s:116:14:116:69":29,"f:117:20:117:21":16,"s:118:12:136:Infinity":30,"f:120:22:120:23":17,"s:121:18:121:Infinity":31,"s:122:18:127:Infinity":32,"f:122:36:122:37":18,"s:122:48:127:Infinity":33,"f:123:43:123:44":19,"s:124:22:124:53":34,"b:124:39:124:49:124:49:124:53":8,"f:129:23:129:24":20,"s:130:18:130:Infinity":35,"s:131:18:134:Infinity":36,"b:132:27:132:45:132:45:132:Infinity":9,"f:144:14:144:20":21,"s:144:14:144:69":37,"f:145:20:145:21":22,"s:146:12:162:Infinity":38,"f:148:22:148:27":23,"s:149:18:149:Infinity":39,"s:150:18:153:Infinity":40,"f:150:36:150:37":24,"s:150:48:153:Infinity":41,"f:151:46:151:47":25,"s:151:56:151:70":42,"f:155:23:155:24":26,"s:156:18:156:Infinity":43,"s:157:18:160:Infinity":44,"b:158:27:158:45:158:45:158:Infinity":10,"f:168:17:168:18":27,"s:168:18:168:Infinity":45,"f:170:15:170:16":28,"s:170:37:171:Infinity":46}}}
,"G:\\WORK\\angular-clean-architecture\\apps\\sandbox\\src\\app\\features\\authors\\infrastructure\\service.ts": {"path":"G:\\WORK\\angular-clean-architecture\\apps\\sandbox\\src\\app\\features\\authors\\infrastructure\\service.ts","statementMap":{"0":{"start":{"line":8,"column":7},"end":{"line":32,"column":null}},"1":{"start":{"line":9,"column":19},"end":{"line":9,"column":null}},"2":{"start":{"line":10,"column":28},"end":{"line":10,"column":null}},"3":{"start":{"line":13,"column":4},"end":{"line":13,"column":null}},"4":{"start":{"line":17,"column":4},"end":{"line":17,"column":null}},"5":{"start":{"line":23,"column":4},"end":{"line":23,"column":null}},"6":{"start":{"line":27,"column":4},"end":{"line":27,"column":null}},"7":{"start":{"line":31,"column":4},"end":{"line":31,"column":null}},"8":{"start":{"line":8,"column":13},"end":{"line":8,"column":null}}},"fnMap":{"0":{"name":"(anonymous_0)","decl":{"start":{"line":12,"column":2},"end":{"line":12,"column":8}},"loc":{"start":{"line":12,"column":8},"end":{"line":14,"column":null}},"line":12},"1":{"name":"(anonymous_1)","decl":{"start":{"line":16,"column":2},"end":{"line":16,"column":10}},"loc":{"start":{"line":16,"column":20},"end":{"line":18,"column":null}},"line":16},"2":{"name":"(anonymous_2)","decl":{"start":{"line":20,"column":2},"end":{"line":20,"column":null}},"loc":{"start":{"line":21,"column":56},"end":{"line":24,"column":null}},"line":21},"3":{"name":"(anonymous_3)","decl":{"start":{"line":26,"column":2},"end":{"line":26,"column":9}},"loc":{"start":{"line":26,"column":42},"end":{"line":28,"column":null}},"line":26},"4":{"name":"(anonymous_4)","decl":{"start":{"line":30,"column":2},"end":{"line":30,"column":9}},"loc":{"start":{"line":30,"column":19},"end":{"line":32,"column":null}},"line":30}},"branchMap":{},"s":{"0":3,"1":5,"2":5,"3":1,"4":0,"5":1,"6":1,"7":1,"8":3},"f":{"0":1,"1":0,"2":1,"3":1,"4":1},"b":{},"meta":{"lastBranch":0,"lastFunction":5,"lastStatement":9,"seen":{"s:8:7:32:Infinity":0,"s:9:19:9:Infinity":1,"s:10:28:10:Infinity":2,"f:12:2:12:8":0,"s:13:4:13:Infinity":3,"f:16:2:16:10":1,"s:17:4:17:Infinity":4,"f:20:2:20:Infinity":2,"s:23:4:23:Infinity":5,"f:26:2:26:9":3,"s:27:4:27:Infinity":6,"f:30:2:30:9":4,"s:31:4:31:Infinity":7,"s:8:13:8:Infinity":8}}}
,"G:\\WORK\\angular-clean-architecture\\apps\\sandbox\\src\\app\\features\\authors\\ui\\author.component.html": {"path":"G:\\WORK\\angular-clean-architecture\\apps\\sandbox\\src\\app\\features\\authors\\ui\\author.component.html","statementMap":{},"fnMap":{},"branchMap":{},"s":{},"f":{},"b":{},"meta":{"lastBranch":0,"lastFunction":0,"lastStatement":0,"seen":{}}}
,"G:\\WORK\\angular-clean-architecture\\apps\\sandbox\\src\\app\\features\\authors\\ui\\author.component.scss": {"path":"G:\\WORK\\angular-clean-architecture\\apps\\sandbox\\src\\app\\features\\authors\\ui\\author.component.scss","statementMap":{},"fnMap":{},"branchMap":{},"s":{},"f":{},"b":{},"meta":{"lastBranch":0,"lastFunction":0,"lastStatement":0,"seen":{}}}
,"G:\\WORK\\angular-clean-architecture\\apps\\sandbox\\src\\app\\features\\authors\\ui\\author.component.ts": {"path":"G:\\WORK\\angular-clean-architecture\\apps\\sandbox\\src\\app\\features\\authors\\ui\\author.component.ts","statementMap":{"0":{"start":{"line":49,"column":7},"end":{"line":135,"column":null}},"1":{"start":{"line":51,"column":21},"end":{"line":51,"column":null}},"2":{"start":{"line":52,"column":19},"end":{"line":52,"column":null}},"3":{"start":{"line":53,"column":19},"end":{"line":53,"column":null}},"4":{"start":{"line":56,"column":50},"end":{"line":60,"column":null}},"5":{"start":{"line":66,"column":4},"end":{"line":66,"column":null}},"6":{"start":{"line":66,"column":25},"end":{"line":66,"column":45}},"7":{"start":{"line":70,"column":4},"end":{"line":70,"column":null}},"8":{"start":{"line":74,"column":4},"end":{"line":74,"column":null}},"9":{"start":{"line":78,"column":22},"end":{"line":83,"column":null}},"10":{"start":{"line":85,"column":4},"end":{"line":90,"column":null}},"11":{"start":{"line":86,"column":6},"end":{"line":89,"column":null}},"12":{"start":{"line":87,"column":8},"end":{"line":87,"column":null}},"13":{"start":{"line":88,"column":8},"end":{"line":88,"column":null}},"14":{"start":{"line":94,"column":22},"end":{"line":99,"column":null}},"15":{"start":{"line":101,"column":4},"end":{"line":106,"column":null}},"16":{"start":{"line":102,"column":6},"end":{"line":105,"column":null}},"17":{"start":{"line":103,"column":8},"end":{"line":103,"column":null}},"18":{"start":{"line":104,"column":8},"end":{"line":104,"column":null}},"19":{"start":{"line":110,"column":22},"end":{"line":118,"column":null}},"20":{"start":{"line":120,"column":4},"end":{"line":125,"column":null}},"21":{"start":{"line":121,"column":6},"end":{"line":124,"column":null}},"22":{"start":{"line":122,"column":8},"end":{"line":122,"column":null}},"23":{"start":{"line":123,"column":8},"end":{"line":123,"column":null}},"24":{"start":{"line":130,"column":4},"end":{"line":134,"column":null}},"25":{"start":{"line":49,"column":13},"end":{"line":49,"column":null}}},"fnMap":{"0":{"name":"(anonymous_0)","decl":{"start":{"line":64,"column":2},"end":{"line":64,"column":null}},"loc":{"start":{"line":64,"column":2},"end":{"line":67,"column":null}},"line":64},"1":{"name":"(anonymous_1)","decl":{"start":{"line":66,"column":19},"end":{"line":66,"column":25}},"loc":{"start":{"line":66,"column":25},"end":{"line":66,"column":45}},"line":66},"2":{"name":"(anonymous_2)","decl":{"start":{"line":69,"column":2},"end":{"line":69,"column":17}},"loc":{"start":{"line":69,"column":30},"end":{"line":71,"column":null}},"line":69},"3":{"name":"(anonymous_3)","decl":{"start":{"line":73,"column":2},"end":{"line":73,"column":15}},"loc":{"start":{"line":73,"column":61},"end":{"line":75,"column":null}},"line":73},"4":{"name":"(anonymous_4)","decl":{"start":{"line":77,"column":2},"end":{"line":77,"column":18}},"loc":{"start":{"line":77,"column":18},"end":{"line":91,"column":null}},"line":77},"5":{"name":"(anonymous_5)","decl":{"start":{"line":85,"column":38},"end":{"line":85,"column":39}},"loc":{"start":{"line":85,"column":49},"end":{"line":90,"column":5}},"line":85},"6":{"name":"(anonymous_6)","decl":{"start":{"line":93,"column":2},"end":{"line":93,"column":17}},"loc":{"start":{"line":93,"column":29},"end":{"line":107,"column":null}},"line":93},"7":{"name":"(anonymous_7)","decl":{"start":{"line":101,"column":38},"end":{"line":101,"column":39}},"loc":{"start":{"line":101,"column":49},"end":{"line":106,"column":5}},"line":101},"8":{"name":"(anonymous_8)","decl":{"start":{"line":109,"column":2},"end":{"line":109,"column":16}},"loc":{"start":{"line":109,"column":28},"end":{"line":126,"column":null}},"line":109},"9":{"name":"(anonymous_9)","decl":{"start":{"line":120,"column":38},"end":{"line":120,"column":39}},"loc":{"start":{"line":120,"column":52},"end":{"line":125,"column":5}},"line":120},"10":{"name":"(anonymous_10)","decl":{"start":{"line":129,"column":10},"end":{"line":129,"column":27}},"loc":{"start":{"line":129,"column":42},"end":{"line":135,"column":null}},"line":129}},"branchMap":{"0":{"loc":{"start":{"line":86,"column":6},"end":{"line":89,"column":null}},"type":"if","locations":[{"start":{"line":86,"column":6},"end":{"line":89,"column":null}},{"start":{},"end":{}}],"line":86},"1":{"loc":{"start":{"line":102,"column":6},"end":{"line":105,"column":null}},"type":"if","locations":[{"start":{"line":102,"column":6},"end":{"line":105,"column":null}},{"start":{},"end":{}}],"line":102},"2":{"loc":{"start":{"line":121,"column":6},"end":{"line":124,"column":null}},"type":"if","locations":[{"start":{"line":121,"column":6},"end":{"line":124,"column":null}},{"start":{},"end":{}}],"line":121}},"s":{"0":1,"1":7,"2":7,"3":7,"4":7,"5":7,"6":7,"7":1,"8":1,"9":1,"10":1,"11":1,"12":1,"13":1,"14":1,"15":1,"16":1,"17":1,"18":1,"19":1,"20":1,"21":1,"22":1,"23":1,"24":3,"25":1},"f":{"0":7,"1":7,"2":1,"3":1,"4":1,"5":1,"6":1,"7":1,"8":1,"9":1,"10":3},"b":{"0":[1,0],"1":[1,0],"2":[1,0]},"meta":{"lastBranch":3,"lastFunction":11,"lastStatement":26,"seen":{"s:49:7:135:Infinity":0,"s:51:21:51:Infinity":1,"s:52:19:52:Infinity":2,"s:53:19:53:Infinity":3,"s:56:50:60:Infinity":4,"f:64:2:64:Infinity":0,"s:66:4:66:Infinity":5,"f:66:19:66:25":1,"s:66:25:66:45":6,"f:69:2:69:17":2,"s:70:4:70:Infinity":7,"f:73:2:73:15":3,"s:74:4:74:Infinity":8,"f:77:2:77:18":4,"s:78:22:83:Infinity":9,"s:85:4:90:Infinity":10,"f:85:38:85:39":5,"b:86:6:89:Infinity:undefined:undefined:undefined:undefined":0,"s:86:6:89:Infinity":11,"s:87:8:87:Infinity":12,"s:88:8:88:Infinity":13,"f:93:2:93:17":6,"s:94:22:99:Infinity":14,"s:101:4:106:Infinity":15,"f:101:38:101:39":7,"b:102:6:105:Infinity:undefined:undefined:undefined:undefined":1,"s:102:6:105:Infinity":16,"s:103:8:103:Infinity":17,"s:104:8:104:Infinity":18,"f:109:2:109:16":8,"s:110:22:118:Infinity":19,"s:120:4:125:Infinity":20,"f:120:38:120:39":9,"b:121:6:124:Infinity:undefined:undefined:undefined:undefined":2,"s:121:6:124:Infinity":21,"s:122:8:122:Infinity":22,"s:123:8:123:Infinity":23,"f:129:10:129:27":10,"s:130:4:134:Infinity":24,"s:49:13:49:Infinity":25}}}
,"G:\\WORK\\angular-clean-architecture\\apps\\sandbox\\src\\app\\features\\authors\\ui\\form\\form.component.ts": {"path":"G:\\WORK\\angular-clean-architecture\\apps\\sandbox\\src\\app\\features\\authors\\ui\\form\\form.component.ts","statementMap":{"0":{"start":{"line":98,"column":7},"end":{"line":142,"column":null}},"1":{"start":{"line":99,"column":19},"end":{"line":99,"column":null}},"2":{"start":{"line":100,"column":21},"end":{"line":102,"column":null}},"3":{"start":{"line":103,"column":19},"end":{"line":103,"column":null}},"4":{"start":{"line":106,"column":19},"end":{"line":106,"column":null}},"5":{"start":{"line":107,"column":19},"end":{"line":107,"column":null}},"6":{"start":{"line":109,"column":18},"end":{"line":115,"column":null}},"7":{"start":{"line":118,"column":11},"end":{"line":119,"column":null}},"8":{"start":{"line":119,"column":10},"end":{"line":119,"column":48}},"9":{"start":{"line":124,"column":4},"end":{"line":126,"column":null}},"10":{"start":{"line":125,"column":6},"end":{"line":125,"column":null}},"11":{"start":{"line":127,"column":4},"end":{"line":129,"column":null}},"12":{"start":{"line":128,"column":6},"end":{"line":128,"column":null}},"13":{"start":{"line":131,"column":4},"end":{"line":131,"column":null}},"14":{"start":{"line":135,"column":4},"end":{"line":135,"column":null}},"15":{"start":{"line":139,"column":4},"end":{"line":141,"column":null}},"16":{"start":{"line":140,"column":6},"end":{"line":140,"column":null}},"17":{"start":{"line":98,"column":13},"end":{"line":98,"column":null}}},"fnMap":{"0":{"name":"(anonymous_0)","decl":{"start":{"line":119,"column":4},"end":{"line":119,"column":10}},"loc":{"start":{"line":119,"column":10},"end":{"line":119,"column":48}},"line":119},"1":{"name":"(anonymous_1)","decl":{"start":{"line":122,"column":2},"end":{"line":122,"column":null}},"loc":{"start":{"line":122,"column":2},"end":{"line":132,"column":null}},"line":122},"2":{"name":"(anonymous_2)","decl":{"start":{"line":124,"column":38},"end":{"line":124,"column":43}},"loc":{"start":{"line":124,"column":43},"end":{"line":126,"column":5}},"line":124},"3":{"name":"(anonymous_3)","decl":{"start":{"line":127,"column":37},"end":{"line":127,"column":42}},"loc":{"start":{"line":127,"column":42},"end":{"line":129,"column":5}},"line":127},"4":{"name":"(anonymous_4)","decl":{"start":{"line":134,"column":2},"end":{"line":134,"column":10}},"loc":{"start":{"line":134,"column":10},"end":{"line":136,"column":null}},"line":134},"5":{"name":"(anonymous_5)","decl":{"start":{"line":138,"column":2},"end":{"line":138,"column":8}},"loc":{"start":{"line":138,"column":8},"end":{"line":142,"column":null}},"line":138}},"branchMap":{"0":{"loc":{"start":{"line":110,"column":11},"end":{"line":110,"column":34}},"type":"binary-expr","locations":[{"start":{"line":110,"column":11},"end":{"line":110,"column":30}},{"start":{"line":110,"column":30},"end":{"line":110,"column":34}}],"line":110},"1":{"loc":{"start":{"line":112,"column":10},"end":{"line":112,"column":32}},"type":"binary-expr","locations":[{"start":{"line":112,"column":10},"end":{"line":112,"column":28}},{"start":{"line":112,"column":28},"end":{"line":112,"column":32}}],"line":112},"2":{"loc":{"start":{"line":114,"column":16},"end":{"line":114,"column":44}},"type":"binary-expr","locations":[{"start":{"line":114,"column":16},"end":{"line":114,"column":40}},{"start":{"line":114,"column":40},"end":{"line":114,"column":44}}],"line":114},"3":{"loc":{"start":{"line":119,"column":10},"end":{"line":119,"column":48}},"type":"binary-expr","locations":[{"start":{"line":119,"column":10},"end":{"line":119,"column":31}},{"start":{"line":119,"column":31},"end":{"line":119,"column":48}}],"line":119},"4":{"loc":{"start":{"line":139,"column":4},"end":{"line":141,"column":null}},"type":"if","locations":[{"start":{"line":139,"column":4},"end":{"line":141,"column":null}},{"start":{},"end":{}}],"line":139}},"s":{"0":2,"1":4,"2":4,"3":4,"4":4,"5":4,"6":4,"7":4,"8":5,"9":4,"10":3,"11":4,"12":3,"13":4,"14":1,"15":1,"16":1,"17":2},"f":{"0":5,"1":4,"2":3,"3":3,"4":1,"5":1},"b":{"0":[4,4],"1":[4,4],"2":[4,4],"3":[5,1],"4":[1,0]},"meta":{"lastBranch":5,"lastFunction":6,"lastStatement":18,"seen":{"s:98:7:142:Infinity":0,"s:99:19:99:Infinity":1,"s:100:21:102:Infinity":2,"s:103:19:103:Infinity":3,"s:106:19:106:Infinity":4,"s:107:19:107:Infinity":5,"s:109:18:115:Infinity":6,"s:118:11:119:Infinity":7,"b:110:11:110:30:110:30:110:34":0,"b:112:10:112:28:112:28:112:32":1,"b:114:16:114:40:114:40:114:44":2,"f:119:4:119:10":0,"s:119:10:119:48":8,"b:119:10:119:31:119:31:119:48":3,"f:122:2:122:Infinity":1,"s:124:4:126:Infinity":9,"f:124:38:124:43":2,"s:125:6:125:Infinity":10,"s:127:4:129:Infinity":11,"f:127:37:127:42":3,"s:128:6:128:Infinity":12,"s:131:4:131:Infinity":13,"f:134:2:134:10":4,"s:135:4:135:Infinity":14,"f:138:2:138:8":5,"b:139:4:141:Infinity:undefined:undefined:undefined:undefined":4,"s:139:4:141:Infinity":15,"s:140:6:140:Infinity":16,"s:98:13:98:Infinity":17}}}
,"G:\\WORK\\angular-clean-architecture\\apps\\sandbox\\src\\app\\features\\books\\application\\store.ts": {"path":"G:\\WORK\\angular-clean-architecture\\apps\\sandbox\\src\\app\\features\\books\\application\\store.ts","statementMap":{"0":{"start":{"line":25,"column":13},"end":{"line":173,"column":null}},"1":{"start":{"line":35,"column":27},"end":{"line":61,"column":null}},"2":{"start":{"line":37,"column":18},"end":{"line":37,"column":null}},"3":{"start":{"line":40,"column":21},"end":{"line":40,"column":null}},"4":{"start":{"line":41,"column":6},"end":{"line":47,"column":null}},"5":{"start":{"line":42,"column":8},"end":{"line":45,"column":null}},"6":{"start":{"line":43,"column":10},"end":{"line":44,"column":null}},"7":{"start":{"line":44,"column":12},"end":{"line":44,"column":54}},"8":{"start":{"line":50,"column":20},"end":{"line":50,"column":null}},"9":{"start":{"line":51,"column":24},"end":{"line":51,"column":null}},"10":{"start":{"line":52,"column":6},"end":{"line":57,"column":null}},"11":{"start":{"line":53,"column":21},"end":{"line":53,"column":null}},"12":{"start":{"line":54,"column":21},"end":{"line":54,"column":null}},"13":{"start":{"line":55,"column":27},"end":{"line":55,"column":null}},"14":{"start":{"line":56,"column":8},"end":{"line":56,"column":null}},"15":{"start":{"line":59,"column":6},"end":{"line":59,"column":null}},"16":{"start":{"line":67,"column":10},"end":{"line":172,"column":null}},"17":{"start":{"line":70,"column":14},"end":{"line":70,"column":69}},"18":{"start":{"line":72,"column":12},"end":{"line":82,"column":null}},"19":{"start":{"line":74,"column":23},"end":{"line":74,"column":null}},"20":{"start":{"line":76,"column":18},"end":{"line":76,"column":null}},"21":{"start":{"line":77,"column":18},"end":{"line":80,"column":null}},"22":{"start":{"line":90,"column":14},"end":{"line":90,"column":69}},"23":{"start":{"line":92,"column":12},"end":{"line":108,"column":null}},"24":{"start":{"line":95,"column":18},"end":{"line":95,"column":null}},"25":{"start":{"line":96,"column":18},"end":{"line":99,"column":null}},"26":{"start":{"line":96,"column":48},"end":{"line":99,"column":null}},"27":{"start":{"line":102,"column":18},"end":{"line":102,"column":null}},"28":{"start":{"line":103,"column":18},"end":{"line":106,"column":null}},"29":{"start":{"line":116,"column":14},"end":{"line":116,"column":69}},"30":{"start":{"line":118,"column":12},"end":{"line":136,"column":null}},"31":{"start":{"line":121,"column":18},"end":{"line":121,"column":null}},"32":{"start":{"line":122,"column":18},"end":{"line":127,"column":null}},"33":{"start":{"line":122,"column":48},"end":{"line":127,"column":null}},"34":{"start":{"line":124,"column":22},"end":{"line":124,"column":53}},"35":{"start":{"line":130,"column":18},"end":{"line":130,"column":null}},"36":{"start":{"line":131,"column":18},"end":{"line":134,"column":null}},"37":{"start":{"line":144,"column":14},"end":{"line":144,"column":69}},"38":{"start":{"line":146,"column":12},"end":{"line":162,"column":null}},"39":{"start":{"line":149,"column":18},"end":{"line":149,"column":null}},"40":{"start":{"line":150,"column":18},"end":{"line":153,"column":null}},"41":{"start":{"line":150,"column":48},"end":{"line":153,"column":null}},"42":{"start":{"line":151,"column":56},"end":{"line":151,"column":70}},"43":{"start":{"line":156,"column":18},"end":{"line":156,"column":null}},"44":{"start":{"line":157,"column":18},"end":{"line":160,"column":null}},"45":{"start":{"line":168,"column":18},"end":{"line":168,"column":null}},"46":{"start":{"line":170,"column":35},"end":{"line":171,"column":null}}},"fnMap":{"0":{"name":"(anonymous_0)","decl":{"start":{"line":35,"column":15},"end":{"line":35,"column":16}},"loc":{"start":{"line":35,"column":27},"end":{"line":61,"column":null}},"line":35},"1":{"name":"(anonymous_1)","decl":{"start":{"line":36,"column":37},"end":{"line":36,"column":42}},"loc":{"start":{"line":36,"column":42},"end":{"line":60,"column":5}},"line":36},"2":{"name":"(anonymous_2)","decl":{"start":{"line":42,"column":29},"end":{"line":42,"column":30}},"loc":{"start":{"line":43,"column":10},"end":{"line":44,"column":null}},"line":43},"3":{"name":"(anonymous_3)","decl":{"start":{"line":43,"column":35},"end":{"line":43,"column":36}},"loc":{"start":{"line":44,"column":12},"end":{"line":44,"column":54}},"line":44},"4":{"name":"(anonymous_4)","decl":{"start":{"line":52,"column":17},"end":{"line":52,"column":18}},"loc":{"start":{"line":52,"column":26},"end":{"line":57,"column":7}},"line":52},"5":{"name":"(anonymous_5)","decl":{"start":{"line":63,"column":4},"end":{"line":63,"column":null}},"loc":{"start":{"line":67,"column":10},"end":{"line":172,"column":null}},"line":67},"6":{"name":"(anonymous_6)","decl":{"start":{"line":70,"column":14},"end":{"line":70,"column":20}},"loc":{"start":{"line":70,"column":14},"end":{"line":70,"column":69}},"line":70},"7":{"name":"(anonymous_7)","decl":{"start":{"line":71,"column":20},"end":{"line":71,"column":null}},"loc":{"start":{"line":72,"column":12},"end":{"line":82,"column":null}},"line":72},"8":{"name":"(anonymous_8)","decl":{"start":{"line":74,"column":22},"end":{"line":74,"column":23}},"loc":{"start":{"line":74,"column":23},"end":{"line":74,"column":null}},"line":74},"9":{"name":"(anonymous_9)","decl":{"start":{"line":75,"column":23},"end":{"line":75,"column":24}},"loc":{"start":{"line":75,"column":38},"end":{"line":81,"column":null}},"line":75},"10":{"name":"(anonymous_10)","decl":{"start":{"line":90,"column":14},"end":{"line":90,"column":20}},"loc":{"start":{"line":90,"column":14},"end":{"line":90,"column":69}},"line":90},"11":{"name":"(anonymous_11)","decl":{"start":{"line":91,"column":20},"end":{"line":91,"column":21}},"loc":{"start":{"line":92,"column":12},"end":{"line":108,"column":null}},"line":92},"12":{"name":"(anonymous_12)","decl":{"start":{"line":94,"column":22},"end":{"line":94,"column":23}},"loc":{"start":{"line":94,"column":31},"end":{"line":100,"column":null}},"line":94},"13":{"name":"(anonymous_13)","decl":{"start":{"line":96,"column":36},"end":{"line":96,"column":37}},"loc":{"start":{"line":96,"column":48},"end":{"line":99,"column":null}},"line":96},"14":{"name":"(anonymous_14)","decl":{"start":{"line":101,"column":23},"end":{"line":101,"column":24}},"loc":{"start":{"line":101,"column":38},"end":{"line":107,"column":null}},"line":101},"15":{"name":"(anonymous_15)","decl":{"start":{"line":116,"column":14},"end":{"line":116,"column":20}},"loc":{"start":{"line":116,"column":14},"end":{"line":116,"column":69}},"line":116},"16":{"name":"(anonymous_16)","decl":{"start":{"line":117,"column":20},"end":{"line":117,"column":21}},"loc":{"start":{"line":118,"column":12},"end":{"line":136,"column":null}},"line":118},"17":{"name":"(anonymous_17)","decl":{"start":{"line":120,"column":22},"end":{"line":120,"column":23}},"loc":{"start":{"line":120,"column":34},"end":{"line":128,"column":null}},"line":120},"18":{"name":"(anonymous_18)","decl":{"start":{"line":122,"column":36},"end":{"line":122,"column":37}},"loc":{"start":{"line":122,"column":48},"end":{"line":127,"column":null}},"line":122},"19":{"name":"(anonymous_19)","decl":{"start":{"line":123,"column":43},"end":{"line":123,"column":44}},"loc":{"start":{"line":124,"column":22},"end":{"line":124,"column":53}},"line":124},"20":{"name":"(anonymous_20)","decl":{"start":{"line":129,"column":23},"end":{"line":129,"column":24}},"loc":{"start":{"line":129,"column":38},"end":{"line":135,"column":null}},"line":129},"21":{"name":"(anonymous_21)","decl":{"start":{"line":144,"column":14},"end":{"line":144,"column":20}},"loc":{"start":{"line":144,"column":14},"end":{"line":144,"column":69}},"line":144},"22":{"name":"(anonymous_22)","decl":{"start":{"line":145,"column":20},"end":{"line":145,"column":21}},"loc":{"start":{"line":146,"column":12},"end":{"line":162,"column":null}},"line":146},"23":{"name":"(anonymous_23)","decl":{"start":{"line":148,"column":22},"end":{"line":148,"column":27}},"loc":{"start":{"line":148,"column":27},"end":{"line":154,"column":null}},"line":148},"24":{"name":"(anonymous_24)","decl":{"start":{"line":150,"column":36},"end":{"line":150,"column":37}},"loc":{"start":{"line":150,"column":48},"end":{"line":153,"column":null}},"line":150},"25":{"name":"(anonymous_25)","decl":{"start":{"line":151,"column":46},"end":{"line":151,"column":47}},"loc":{"start":{"line":151,"column":56},"end":{"line":151,"column":70}},"line":151},"26":{"name":"(anonymous_26)","decl":{"start":{"line":155,"column":23},"end":{"line":155,"column":24}},"loc":{"start":{"line":155,"column":38},"end":{"line":161,"column":null}},"line":155},"27":{"name":"(anonymous_27)","decl":{"start":{"line":168,"column":17},"end":{"line":168,"column":18}},"loc":{"start":{"line":168,"column":18},"end":{"line":168,"column":null}},"line":168},"28":{"name":"(anonymous_28)","decl":{"start":{"line":170,"column":15},"end":{"line":170,"column":16}},"loc":{"start":{"line":170,"column":35},"end":{"line":171,"column":null}},"line":170}},"branchMap":{"0":{"loc":{"start":{"line":41,"column":6},"end":{"line":47,"column":null}},"type":"if","locations":[{"start":{"line":41,"column":6},"end":{"line":47,"column":null}},{"start":{},"end":{}}],"line":41},"1":{"loc":{"start":{"line":55,"column":27},"end":{"line":55,"column":null}},"type":"cond-expr","locations":[{"start":{"line":55,"column":41},"end":{"line":55,"column":46}},{"start":{"line":55,"column":46},"end":{"line":55,"column":null}}],"line":55},"2":{"loc":{"start":{"line":55,"column":46},"end":{"line":55,"column":null}},"type":"cond-expr","locations":[{"start":{"line":55,"column":60},"end":{"line":55,"column":64}},{"start":{"line":55,"column":64},"end":{"line":55,"column":null}}],"line":55},"3":{"loc":{"start":{"line":56,"column":15},"end":{"line":56,"column":null}},"type":"cond-expr","locations":[{"start":{"line":56,"column":37},"end":{"line":56,"column":50}},{"start":{"line":56,"column":50},"end":{"line":56,"column":null}}],"line":56},"4":{"loc":{"start":{"line":65,"column":6},"end":{"line":65,"column":null}},"type":"default-arg","locations":[{"start":{"line":65,"column":6},"end":{"line":65,"column":null}}],"line":65},"5":{"loc":{"start":{"line":66,"column":6},"end":{"line":66,"column":null}},"type":"default-arg","locations":[{"start":{"line":66,"column":6},"end":{"line":66,"column":null}}],"line":66},"6":{"loc":{"start":{"line":78,"column":27},"end":{"line":78,"column":null}},"type":"binary-expr","locations":[{"start":{"line":78,"column":27},"end":{"line":78,"column":45}},{"start":{"line":78,"column":45},"end":{"line":78,"column":null}}],"line":78},"7":{"loc":{"start":{"line":104,"column":27},"end":{"line":104,"column":null}},"type":"binary-expr","locations":[{"start":{"line":104,"column":27},"end":{"line":104,"column":45}},{"start":{"line":104,"column":45},"end":{"line":104,"column":null}}],"line":104},"8":{"loc":{"start":{"line":124,"column":22},"end":{"line":124,"column":53}},"type":"cond-expr","locations":[{"start":{"line":124,"column":39},"end":{"line":124,"column":49}},{"start":{"line":124,"column":49},"end":{"line":124,"column":53}}],"line":124},"9":{"loc":{"start":{"line":132,"column":27},"end":{"line":132,"column":null}},"type":"binary-expr","locations":[{"start":{"line":132,"column":27},"end":{"line":132,"column":45}},{"start":{"line":132,"column":45},"end":{"line":132,"column":null}}],"line":132},"10":{"loc":{"start":{"line":158,"column":27},"end":{"line":158,"column":null}},"type":"binary-expr","locations":[{"start":{"line":158,"column":27},"end":{"line":158,"column":45}},{"start":{"line":158,"column":45},"end":{"line":158,"column":null}}],"line":158}},"s":{"0":2,"1":8,"2":0,"3":0,"4":0,"5":0,"6":0,"7":0,"8":0,"9":0,"10":0,"11":0,"12":0,"13":0,"14":0,"15":0,"16":8,"17":4,"18":4,"19":3,"20":1,"21":1,"22":1,"23":1,"24":1,"25":1,"26":1,"27":0,"28":0,"29":1,"30":1,"31":1,"32":1,"33":1,"34":1,"35":0,"36":0,"37":1,"38":1,"39":1,"40":1,"41":1,"42":1,"43":0,"44":0,"45":1,"46":1},"f":{"0":8,"1":0,"2":0,"3":0,"4":0,"5":8,"6":4,"7":4,"8":3,"9":1,"10":1,"11":1,"12":1,"13":1,"14":0,"15":1,"16":1,"17":1,"18":1,"19":1,"20":0,"21":1,"22":1,"23":1,"24":1,"25":1,"26":0,"27":1,"28":1},"b":{"0":[0,0],"1":[0,0],"2":[0,0],"3":[0,0],"4":[8],"5":[8],"6":[1,0],"7":[0,0],"8":[1,0],"9":[0,0],"10":[0,0]},"meta":{"lastBranch":11,"lastFunction":29,"lastStatement":47,"seen":{"s:25:13:173:Infinity":0,"f:35:15:35:16":0,"s:35:27:61:Infinity":1,"f:36:37:36:42":1,"s:37:18:37:Infinity":2,"s:40:21:40:Infinity":3,"b:41:6:47:Infinity:undefined:undefined:undefined:undefined":0,"s:41:6:47:Infinity":4,"s:42:8:45:Infinity":5,"f:42:29:42:30":2,"s:43:10:44:Infinity":6,"f:43:35:43:36":3,"s:44:12:44:54":7,"s:50:20:50:Infinity":8,"s:51:24:51:Infinity":9,"s:52:6:57:Infinity":10,"f:52:17:52:18":4,"s:53:21:53:Infinity":11,"s:54:21:54:Infinity":12,"s:55:27:55:Infinity":13,"b:55:41:55:46:55:46:55:Infinity":1,"b:55:60:55:64:55:64:55:Infinity":2,"s:56:8:56:Infinity":14,"b:56:37:56:50:56:50:56:Infinity":3,"s:59:6:59:Infinity":15,"f:63:4:63:Infinity":5,"s:67:10:172:Infinity":16,"b:65:6:65:Infinity":4,"b:66:6:66:Infinity":5,"f:70:14:70:20":6,"s:70:14:70:69":17,"f:71:20:71:Infinity":7,"s:72:12:82:Infinity":18,"f:74:22:74:23":8,"s:74:23:74:Infinity":19,"f:75:23:75:24":9,"s:76:18:76:Infinity":20,"s:77:18:80:Infinity":21,"b:78:27:78:45:78:45:78:Infinity":6,"f:90:14:90:20":10,"s:90:14:90:69":22,"f:91:20:91:21":11,"s:92:12:108:Infinity":23,"f:94:22:94:23":12,"s:95:18:95:Infinity":24,"s:96:18:99:Infinity":25,"f:96:36:96:37":13,"s:96:48:99:Infinity":26,"f:101:23:101:24":14,"s:102:18:102:Infinity":27,"s:103:18:106:Infinity":28,"b:104:27:104:45:104:45:104:Infinity":7,"f:116:14:116:20":15,"s:116:14:116:69":29,"f:117:20:117:21":16,"s:118:12:136:Infinity":30,"f:120:22:120:23":17,"s:121:18:121:Infinity":31,"s:122:18:127:Infinity":32,"f:122:36:122:37":18,"s:122:48:127:Infinity":33,"f:123:43:123:44":19,"s:124:22:124:53":34,"b:124:39:124:49:124:49:124:53":8,"f:129:23:129:24":20,"s:130:18:130:Infinity":35,"s:131:18:134:Infinity":36,"b:132:27:132:45:132:45:132:Infinity":9,"f:144:14:144:20":21,"s:144:14:144:69":37,"f:145:20:145:21":22,"s:146:12:162:Infinity":38,"f:148:22:148:27":23,"s:149:18:149:Infinity":39,"s:150:18:153:Infinity":40,"f:150:36:150:37":24,"s:150:48:153:Infinity":41,"f:151:46:151:47":25,"s:151:56:151:70":42,"f:155:23:155:24":26,"s:156:18:156:Infinity":43,"s:157:18:160:Infinity":44,"b:158:27:158:45:158:45:158:Infinity":10,"f:168:17:168:18":27,"s:168:18:168:Infinity":45,"f:170:15:170:16":28,"s:170:35:171:Infinity":46}}}
,"G:\\WORK\\angular-clean-architecture\\apps\\sandbox\\src\\app\\features\\books\\infrastructure\\service.ts": {"path":"G:\\WORK\\angular-clean-architecture\\apps\\sandbox\\src\\app\\features\\books\\infrastructure\\service.ts","statementMap":{"0":{"start":{"line":8,"column":7},"end":{"line":30,"column":null}},"1":{"start":{"line":9,"column":19},"end":{"line":9,"column":null}},"2":{"start":{"line":10,"column":28},"end":{"line":10,"column":null}},"3":{"start":{"line":13,"column":4},"end":{"line":13,"column":null}},"4":{"start":{"line":17,"column":4},"end":{"line":17,"column":null}},"5":{"start":{"line":21,"column":4},"end":{"line":21,"column":null}},"6":{"start":{"line":25,"column":4},"end":{"line":25,"column":null}},"7":{"start":{"line":29,"column":4},"end":{"line":29,"column":null}},"8":{"start":{"line":8,"column":13},"end":{"line":8,"column":null}}},"fnMap":{"0":{"name":"(anonymous_0)","decl":{"start":{"line":12,"column":2},"end":{"line":12,"column":8}},"loc":{"start":{"line":12,"column":8},"end":{"line":14,"column":null}},"line":12},"1":{"name":"(anonymous_1)","decl":{"start":{"line":16,"column":2},"end":{"line":16,"column":10}},"loc":{"start":{"line":16,"column":20},"end":{"line":18,"column":null}},"line":16},"2":{"name":"(anonymous_2)","decl":{"start":{"line":20,"column":2},"end":{"line":20,"column":9}},"loc":{"start":{"line":20,"column":59},"end":{"line":22,"column":null}},"line":20},"3":{"name":"(anonymous_3)","decl":{"start":{"line":24,"column":2},"end":{"line":24,"column":9}},"loc":{"start":{"line":24,"column":40},"end":{"line":26,"column":null}},"line":24},"4":{"name":"(anonymous_4)","decl":{"start":{"line":28,"column":2},"end":{"line":28,"column":9}},"loc":{"start":{"line":28,"column":19},"end":{"line":30,"column":null}},"line":28}},"branchMap":{},"s":{"0":3,"1":5,"2":5,"3":1,"4":0,"5":1,"6":1,"7":1,"8":3},"f":{"0":1,"1":0,"2":1,"3":1,"4":1},"b":{},"meta":{"lastBranch":0,"lastFunction":5,"lastStatement":9,"seen":{"s:8:7:30:Infinity":0,"s:9:19:9:Infinity":1,"s:10:28:10:Infinity":2,"f:12:2:12:8":0,"s:13:4:13:Infinity":3,"f:16:2:16:10":1,"s:17:4:17:Infinity":4,"f:20:2:20:9":2,"s:21:4:21:Infinity":5,"f:24:2:24:9":3,"s:25:4:25:Infinity":6,"f:28:2:28:9":4,"s:29:4:29:Infinity":7,"s:8:13:8:Infinity":8}}}
,"G:\\WORK\\angular-clean-architecture\\apps\\sandbox\\src\\app\\features\\books\\ui\\book.component.html": {"path":"G:\\WORK\\angular-clean-architecture\\apps\\sandbox\\src\\app\\features\\books\\ui\\book.component.html","statementMap":{},"fnMap":{},"branchMap":{},"s":{},"f":{},"b":{},"meta":{"lastBranch":0,"lastFunction":0,"lastStatement":0,"seen":{}}}
,"G:\\WORK\\angular-clean-architecture\\apps\\sandbox\\src\\app\\features\\books\\ui\\book.component.scss": {"path":"G:\\WORK\\angular-clean-architecture\\apps\\sandbox\\src\\app\\features\\books\\ui\\book.component.scss","statementMap":{},"fnMap":{},"branchMap":{},"s":{},"f":{},"b":{},"meta":{"lastBranch":0,"lastFunction":0,"lastStatement":0,"seen":{}}}
,"G:\\WORK\\angular-clean-architecture\\apps\\sandbox\\src\\app\\features\\books\\ui\\book.component.ts": {"path":"G:\\WORK\\angular-clean-architecture\\apps\\sandbox\\src\\app\\features\\books\\ui\\book.component.ts","statementMap":{"0":{"start":{"line":49,"column":7},"end":{"line":136,"column":null}},"1":{"start":{"line":51,"column":21},"end":{"line":51,"column":null}},"2":{"start":{"line":52,"column":19},"end":{"line":52,"column":null}},"3":{"start":{"line":53,"column":19},"end":{"line":53,"column":null}},"4":{"start":{"line":56,"column":50},"end":{"line":61,"column":null}},"5":{"start":{"line":67,"column":4},"end":{"line":67,"column":null}},"6":{"start":{"line":67,"column":25},"end":{"line":67,"column":45}},"7":{"start":{"line":71,"column":4},"end":{"line":71,"column":null}},"8":{"start":{"line":75,"column":4},"end":{"line":75,"column":null}},"9":{"start":{"line":79,"column":22},"end":{"line":84,"column":null}},"10":{"start":{"line":86,"column":4},"end":{"line":91,"column":null}},"11":{"start":{"line":87,"column":6},"end":{"line":90,"column":null}},"12":{"start":{"line":88,"column":8},"end":{"line":88,"column":null}},"13":{"start":{"line":89,"column":8},"end":{"line":89,"column":null}},"14":{"start":{"line":95,"column":22},"end":{"line":100,"column":null}},"15":{"start":{"line":102,"column":4},"end":{"line":107,"column":null}},"16":{"start":{"line":103,"column":6},"end":{"line":106,"column":null}},"17":{"start":{"line":104,"column":8},"end":{"line":104,"column":null}},"18":{"start":{"line":105,"column":8},"end":{"line":105,"column":null}},"19":{"start":{"line":111,"column":22},"end":{"line":119,"column":null}},"20":{"start":{"line":121,"column":4},"end":{"line":126,"column":null}},"21":{"start":{"line":122,"column":6},"end":{"line":125,"column":null}},"22":{"start":{"line":123,"column":8},"end":{"line":123,"column":null}},"23":{"start":{"line":124,"column":8},"end":{"line":124,"column":null}},"24":{"start":{"line":131,"column":4},"end":{"line":135,"column":null}},"25":{"start":{"line":49,"column":13},"end":{"line":49,"column":null}}},"fnMap":{"0":{"name":"(anonymous_0)","decl":{"start":{"line":65,"column":2},"end":{"line":65,"column":null}},"loc":{"start":{"line":65,"column":2},"end":{"line":68,"column":null}},"line":65},"1":{"name":"(anonymous_1)","decl":{"start":{"line":67,"column":19},"end":{"line":67,"column":25}},"loc":{"start":{"line":67,"column":25},"end":{"line":67,"column":45}},"line":67},"2":{"name":"(anonymous_2)","decl":{"start":{"line":70,"column":2},"end":{"line":70,"column":17}},"loc":{"start":{"line":70,"column":30},"end":{"line":72,"column":null}},"line":70},"3":{"name":"(anonymous_3)","decl":{"start":{"line":74,"column":2},"end":{"line":74,"column":15}},"loc":{"start":{"line":74,"column":59},"end":{"line":76,"column":null}},"line":74},"4":{"name":"(anonymous_4)","decl":{"start":{"line":78,"column":2},"end":{"line":78,"column":18}},"loc":{"start":{"line":78,"column":18},"end":{"line":92,"column":null}},"line":78},"5":{"name":"(anonymous_5)","decl":{"start":{"line":86,"column":38},"end":{"line":86,"column":39}},"loc":{"start":{"line":86,"column":49},"end":{"line":91,"column":5}},"line":86},"6":{"name":"(anonymous_6)","decl":{"start":{"line":94,"column":2},"end":{"line":94,"column":17}},"loc":{"start":{"line":94,"column":27},"end":{"line":108,"column":null}},"line":94},"7":{"name":"(anonymous_7)","decl":{"start":{"line":102,"column":38},"end":{"line":102,"column":39}},"loc":{"start":{"line":102,"column":49},"end":{"line":107,"column":5}},"line":102},"8":{"name":"(anonymous_8)","decl":{"start":{"line":110,"column":2},"end":{"line":110,"column":16}},"loc":{"start":{"line":110,"column":26},"end":{"line":127,"column":null}},"line":110},"9":{"name":"(anonymous_9)","decl":{"start":{"line":121,"column":38},"end":{"line":121,"column":39}},"loc":{"start":{"line":121,"column":52},"end":{"line":126,"column":5}},"line":121},"10":{"name":"(anonymous_10)","decl":{"start":{"line":130,"column":10},"end":{"line":130,"column":27}},"loc":{"start":{"line":130,"column":42},"end":{"line":136,"column":null}},"line":130}},"branchMap":{"0":{"loc":{"start":{"line":87,"column":6},"end":{"line":90,"column":null}},"type":"if","locations":[{"start":{"line":87,"column":6},"end":{"line":90,"column":null}},{"start":{},"end":{}}],"line":87},"1":{"loc":{"start":{"line":103,"column":6},"end":{"line":106,"column":null}},"type":"if","locations":[{"start":{"line":103,"column":6},"end":{"line":106,"column":null}},{"start":{},"end":{}}],"line":103},"2":{"loc":{"start":{"line":122,"column":6},"end":{"line":125,"column":null}},"type":"if","locations":[{"start":{"line":122,"column":6},"end":{"line":125,"column":null}},{"start":{},"end":{}}],"line":122}},"s":{"0":1,"1":7,"2":7,"3":7,"4":7,"5":7,"6":7,"7":1,"8":1,"9":1,"10":1,"11":1,"12":1,"13":1,"14":1,"15":1,"16":1,"17":1,"18":1,"19":1,"20":1,"21":1,"22":1,"23":1,"24":3,"25":1},"f":{"0":7,"1":7,"2":1,"3":1,"4":1,"5":1,"6":1,"7":1,"8":1,"9":1,"10":3},"b":{"0":[1,0],"1":[1,0],"2":[1,0]},"meta":{"lastBranch":3,"lastFunction":11,"lastStatement":26,"seen":{"s:49:7:136:Infinity":0,"s:51:21:51:Infinity":1,"s:52:19:52:Infinity":2,"s:53:19:53:Infinity":3,"s:56:50:61:Infinity":4,"f:65:2:65:Infinity":0,"s:67:4:67:Infinity":5,"f:67:19:67:25":1,"s:67:25:67:45":6,"f:70:2:70:17":2,"s:71:4:71:Infinity":7,"f:74:2:74:15":3,"s:75:4:75:Infinity":8,"f:78:2:78:18":4,"s:79:22:84:Infinity":9,"s:86:4:91:Infinity":10,"f:86:38:86:39":5,"b:87:6:90:Infinity:undefined:undefined:undefined:undefined":0,"s:87:6:90:Infinity":11,"s:88:8:88:Infinity":12,"s:89:8:89:Infinity":13,"f:94:2:94:17":6,"s:95:22:100:Infinity":14,"s:102:4:107:Infinity":15,"f:102:38:102:39":7,"b:103:6:106:Infinity:undefined:undefined:undefined:undefined":1,"s:103:6:106:Infinity":16,"s:104:8:104:Infinity":17,"s:105:8:105:Infinity":18,"f:110:2:110:16":8,"s:111:22:119:Infinity":19,"s:121:4:126:Infinity":20,"f:121:38:121:39":9,"b:122:6:125:Infinity:undefined:undefined:undefined:undefined":2,"s:122:6:125:Infinity":21,"s:123:8:123:Infinity":22,"s:124:8:124:Infinity":23,"f:130:10:130:27":10,"s:131:4:135:Infinity":24,"s:49:13:49:Infinity":25}}}
[...]
,"G:\\WORK\\angular-clean-architecture\\apps\\sandbox\\src\\app\\features\\publishers\\ui\\publisher.component.html": {"path":"G:\\WORK\\angular-clean-architecture\\apps\\sandbox\\src\\app\\features\\publishers\\ui\\publisher.component.html","statementMap":{},"fnMap":{},"branchMap":{},"s":{},"f":{},"b":{},"meta":{"lastBranch":0,"lastFunction":0,"lastStatement":0,"seen":{}}}
,"G:\\WORK\\angular-clean-architecture\\apps\\sandbox\\src\\app\\features\\publishers\\ui\\publisher.component.scss": {"path":"G:\\WORK\\angular-clean-architecture\\apps\\sandbox\\src\\app\\features\\publishers\\ui\\publisher.component.scss","statementMap":{},"fnMap":{},"branchMap":{},"s":{},"f":{},"b":{},"meta":{"lastBranch":0,"lastFunction":0,"lastStatement":0,"seen":{}}}
,"G:\\WORK\\angular-clean-architecture\\apps\\sandbox\\src\\app\\features\\publishers\\ui\\publisher.component.ts": {"path":"G:\\WORK\\angular-clean-architecture\\apps\\sandbox\\src\\app\\features\\publishers\\ui\\publisher.component.ts","statementMap":{"0":{"start":{"line":49,"column":7},"end":{"line":134,"column":null}},"1":{"start":{"line":51,"column":21},"end":{"line":51,"column":null}},"2":{"start":{"line":52,"column":19},"end":{"line":52,"column":null}},"3":{"start":{"line":53,"column":19},"end":{"line":53,"column":null}},"4":{"start":{"line":56,"column":50},"end":{"line":59,"column":null}},"5":{"start":{"line":65,"column":4},"end":{"line":65,"column":null}},"6":{"start":{"line":65,"column":25},"end":{"line":65,"column":45}},"7":{"start":{"line":69,"column":4},"end":{"line":69,"column":null}},"8":{"start":{"line":73,"column":4},"end":{"line":73,"column":null}},"9":{"start":{"line":77,"column":22},"end":{"line":82,"column":null}},"10":{"start":{"line":84,"column":4},"end":{"line":89,"column":null}},"11":{"start":{"line":85,"column":6},"end":{"line":88,"column":null}},"12":{"start":{"line":86,"column":8},"end":{"line":86,"column":null}},"13":{"start":{"line":87,"column":8},"end":{"line":87,"column":null}},"14":{"start":{"line":93,"column":22},"end":{"line":98,"column":null}},"15":{"start":{"line":100,"column":4},"end":{"line":105,"column":null}},"16":{"start":{"line":101,"column":6},"end":{"line":104,"column":null}},"17":{"start":{"line":102,"column":8},"end":{"line":102,"column":null}},"18":{"start":{"line":103,"column":8},"end":{"line":103,"column":null}},"19":{"start":{"line":109,"column":22},"end":{"line":117,"column":null}},"20":{"start":{"line":119,"column":4},"end":{"line":124,"column":null}},"21":{"start":{"line":120,"column":6},"end":{"line":123,"column":null}},"22":{"start":{"line":121,"column":8},"end":{"line":121,"column":null}},"23":{"start":{"line":122,"column":8},"end":{"line":122,"column":null}},"24":{"start":{"line":129,"column":4},"end":{"line":133,"column":null}},"25":{"start":{"line":49,"column":13},"end":{"line":49,"column":null}}},"fnMap":{"0":{"name":"(anonymous_0)","decl":{"start":{"line":63,"column":2},"end":{"line":63,"column":null}},"loc":{"start":{"line":63,"column":2},"end":{"line":66,"column":null}},"line":63},"1":{"name":"(anonymous_1)","decl":{"start":{"line":65,"column":19},"end":{"line":65,"column":25}},"loc":{"start":{"line":65,"column":25},"end":{"line":65,"column":45}},"line":65},"2":{"name":"(anonymous_2)","decl":{"start":{"line":68,"column":2},"end":{"line":68,"column":17}},"loc":{"start":{"line":68,"column":30},"end":{"line":70,"column":null}},"line":68},"3":{"name":"(anonymous_3)","decl":{"start":{"line":72,"column":2},"end":{"line":72,"column":15}},"loc":{"start":{"line":72,"column":64},"end":{"line":74,"column":null}},"line":72},"4":{"name":"(anonymous_4)","decl":{"start":{"line":76,"column":2},"end":{"line":76,"column":18}},"loc":{"start":{"line":76,"column":18},"end":{"line":90,"column":null}},"line":76},"5":{"name":"(anonymous_5)","decl":{"start":{"line":84,"column":38},"end":{"line":84,"column":39}},"loc":{"start":{"line":84,"column":49},"end":{"line":89,"column":5}},"line":84},"6":{"name":"(anonymous_6)","decl":{"start":{"line":92,"column":2},"end":{"line":92,"column":17}},"loc":{"start":{"line":92,"column":32},"end":{"line":106,"column":null}},"line":92},"7":{"name":"(anonymous_7)","decl":{"start":{"line":100,"column":38},"end":{"line":100,"column":39}},"loc":{"start":{"line":100,"column":49},"end":{"line":105,"column":5}},"line":100},"8":{"name":"(anonymous_8)","decl":{"start":{"line":108,"column":2},"end":{"line":108,"column":16}},"loc":{"start":{"line":108,"column":31},"end":{"line":125,"column":null}},"line":108},"9":{"name":"(anonymous_9)","decl":{"start":{"line":119,"column":38},"end":{"line":119,"column":39}},"loc":{"start":{"line":119,"column":52},"end":{"line":124,"column":5}},"line":119},"10":{"name":"(anonymous_10)","decl":{"start":{"line":128,"column":10},"end":{"line":128,"column":27}},"loc":{"start":{"line":128,"column":42},"end":{"line":134,"column":null}},"line":128}},"branchMap":{"0":{"loc":{"start":{"line":85,"column":6},"end":{"line":88,"column":null}},"type":"if","locations":[{"start":{"line":85,"column":6},"end":{"line":88,"column":null}},{"start":{},"end":{}}],"line":85},"1":{"loc":{"start":{"line":101,"column":6},"end":{"line":104,"column":null}},"type":"if","locations":[{"start":{"line":101,"column":6},"end":{"line":104,"column":null}},{"start":{},"end":{}}],"line":101},"2":{"loc":{"start":{"line":120,"column":6},"end":{"line":123,"column":null}},"type":"if","locations":[{"start":{"line":120,"column":6},"end":{"line":123,"column":null}},{"start":{},"end":{}}],"line":120}},"s":{"0":1,"1":7,"2":7,"3":7,"4":7,"5":7,"6":7,"7":1,"8":1,"9":1,"10":1,"11":1,"12":1,"13":1,"14":1,"15":1,"16":1,"17":1,"18":1,"19":1,"20":1,"21":1,"22":1,"23":1,"24":3,"25":1},"f":{"0":7,"1":7,"2":1,"3":1,"4":1,"5":1,"6":1,"7":1,"8":1,"9":1,"10":3},"b":{"0":[1,0],"1":[1,0],"2":[1,0]},"meta":{"lastBranch":3,"lastFunction":11,"lastStatement":26,"seen":{"s:49:7:134:Infinity":0,"s:51:21:51:Infinity":1,"s:52:19:52:Infinity":2,"s:53:19:53:Infinity":3,"s:56:50:59:Infinity":4,"f:63:2:63:Infinity":0,"s:65:4:65:Infinity":5,"f:65:19:65:25":1,"s:65:25:65:45":6,"f:68:2:68:17":2,"s:69:4:69:Infinity":7,"f:72:2:72:15":3,"s:73:4:73:Infinity":8,"f:76:2:76:18":4,"s:77:22:82:Infinity":9,"s:84:4:89:Infinity":10,"f:84:38:84:39":5,"b:85:6:88:Infinity:undefined:undefined:undefined:undefined":0,"s:85:6:88:Infinity":11,"s:86:8:86:Infinity":12,"s:87:8:87:Infinity":13,"f:92:2:92:17":6,"s:93:22:98:Infinity":14,"s:100:4:105:Infinity":15,"f:100:38:100:39":7,"b:101:6:104:Infinity:undefined:undefined:undefined:undefined":1,"s:101:6:104:Infinity":16,"s:102:8:102:Infinity":17,"s:103:8:103:Infinity":18,"f:108:2:108:16":8,"s:109:22:117:Infinity":19,"s:119:4:124:Infinity":20,"f:119:38:119:39":9,"b:120:6:123:Infinity:undefined:undefined:undefined:undefined":2,"s:120:6:123:Infinity":21,"s:121:8:121:Infinity":22,"s:122:8:122:Infinity":23,"f:128:10:128:27":10,"s:129:4:133:Infinity":24,"s:49:13:49:Infinity":25}}}
,"G:\\WORK\\angular-clean-architecture\\apps\\sandbox\\src\\app\\features\\publishers\\ui\\form\\form.component.ts": {"path":"G:\\WORK\\angular-clean-architecture\\apps\\sandbox\\src\\app\\features\\publishers\\ui\\form\\form.component.ts","statementMap":{"0":{"start":{"line":90,"column":7},"end":{"line":132,"column":null}},"1":{"start":{"line":91,"column":19},"end":{"line":91,"column":null}},"2":{"start":{"line":92,"column":21},"end":{"line":94,"column":null}},"3":{"start":{"line":95,"column":19},"end":{"line":95,"column":null}},"4":{"start":{"line":98,"column":19},"end":{"line":98,"column":null}},"5":{"start":{"line":99,"column":19},"end":{"line":99,"column":null}},"6":{"start":{"line":101,"column":18},"end":{"line":105,"column":null}},"7":{"start":{"line":108,"column":11},"end":{"line":109,"column":null}},"8":{"start":{"line":109,"column":10},"end":{"line":109,"column":48}},"9":{"start":{"line":114,"column":4},"end":{"line":116,"column":null}},"10":{"start":{"line":115,"column":6},"end":{"line":115,"column":null}},"11":{"start":{"line":117,"column":4},"end":{"line":119,"column":null}},"12":{"start":{"line":118,"column":6},"end":{"line":118,"column":null}},"13":{"start":{"line":121,"column":4},"end":{"line":121,"column":null}},"14":{"start":{"line":125,"column":4},"end":{"line":125,"column":null}},"15":{"start":{"line":129,"column":4},"end":{"line":131,"column":null}},"16":{"start":{"line":130,"column":6},"end":{"line":130,"column":null}},"17":{"start":{"line":90,"column":13},"end":{"line":90,"column":null}}},"fnMap":{"0":{"name":"(anonymous_0)","decl":{"start":{"line":109,"column":4},"end":{"line":109,"column":10}},"loc":{"start":{"line":109,"column":10},"end":{"line":109,"column":48}},"line":109},"1":{"name":"(anonymous_1)","decl":{"start":{"line":112,"column":2},"end":{"line":112,"column":null}},"loc":{"start":{"line":112,"column":2},"end":{"line":122,"column":null}},"line":112},"2":{"name":"(anonymous_2)","decl":{"start":{"line":114,"column":38},"end":{"line":114,"column":43}},"loc":{"start":{"line":114,"column":43},"end":{"line":116,"column":5}},"line":114},"3":{"name":"(anonymous_3)","decl":{"start":{"line":117,"column":37},"end":{"line":117,"column":42}},"loc":{"start":{"line":117,"column":42},"end":{"line":119,"column":5}},"line":117},"4":{"name":"(anonymous_4)","decl":{"start":{"line":124,"column":2},"end":{"line":124,"column":10}},"loc":{"start":{"line":124,"column":10},"end":{"line":126,"column":null}},"line":124},"5":{"name":"(anonymous_5)","decl":{"start":{"line":128,"column":2},"end":{"line":128,"column":8}},"loc":{"start":{"line":128,"column":8},"end":{"line":132,"column":null}},"line":128}},"branchMap":{"0":{"loc":{"start":{"line":102,"column":11},"end":{"line":102,"column":34}},"type":"binary-expr","locations":[{"start":{"line":102,"column":11},"end":{"line":102,"column":30}},{"start":{"line":102,"column":30},"end":{"line":102,"column":34}}],"line":102},"1":{"loc":{"start":{"line":104,"column":15},"end":{"line":104,"column":42}},"type":"binary-expr","locations":[{"start":{"line":104,"column":15},"end":{"line":104,"column":38}},{"start":{"line":104,"column":38},"end":{"line":104,"column":42}}],"line":104},"2":{"loc":{"start":{"line":109,"column":10},"end":{"line":109,"column":48}},"type":"binary-expr","locations":[{"start":{"line":109,"column":10},"end":{"line":109,"column":31}},{"start":{"line":109,"column":31},"end":{"line":109,"column":48}}],"line":109},"3":{"loc":{"start":{"line":129,"column":4},"end":{"line":131,"column":null}},"type":"if","locations":[{"start":{"line":129,"column":4},"end":{"line":131,"column":null}},{"start":{},"end":{}}],"line":129}},"s":{"0":2,"1":4,"2":4,"3":4,"4":4,"5":4,"6":4,"7":4,"8":5,"9":4,"10":2,"11":4,"12":2,"13":4,"14":1,"15":1,"16":1,"17":2},"f":{"0":5,"1":4,"2":2,"3":2,"4":1,"5":1},"b":{"0":[4,4],"1":[4,4],"2":[5,1],"3":[1,0]},"meta":{"lastBranch":4,"lastFunction":6,"lastStatement":18,"seen":{"s:90:7:132:Infinity":0,"s:91:19:91:Infinity":1,"s:92:21:94:Infinity":2,"s:95:19:95:Infinity":3,"s:98:19:98:Infinity":4,"s:99:19:99:Infinity":5,"s:101:18:105:Infinity":6,"s:108:11:109:Infinity":7,"b:102:11:102:30:102:30:102:34":0,"b:104:15:104:38:104:38:104:42":1,"f:109:4:109:10":0,"s:109:10:109:48":8,"b:109:10:109:31:109:31:109:48":2,"f:112:2:112:Infinity":1,"s:114:4:116:Infinity":9,"f:114:38:114:43":2,"s:115:6:115:Infinity":10,"s:117:4:119:Infinity":11,"f:117:37:117:42":3,"s:118:6:118:Infinity":12,"s:121:4:121:Infinity":13,"f:124:2:124:10":4,"s:125:4:125:Infinity":14,"f:128:2:128:8":5,"b:129:4:131:Infinity:undefined:undefined:undefined:undefined":3,"s:129:4:131:Infinity":15,"s:130:6:130:Infinity":16,"s:90:13:90:Infinity":17}}}
,"G:\\WORK\\angular-clean-architecture\\apps\\sandbox\\src\\app\\shared\\ui\\confirm-dialog\\confirm-dialog.component.ts": {"path":"G:\\WORK\\angular-clean-architecture\\apps\\sandbox\\src\\app\\shared\\ui\\confirm-dialog\\confirm-dialog.component.ts","statementMap":{"0":{"start":{"line":51,"column":7},"end":{"line":61,"column":null}},"1":{"start":{"line":52,"column":19},"end":{"line":52,"column":null}},"2":{"start":{"line":53,"column":21},"end":{"line":53,"column":null}},"3":{"start":{"line":56,"column":4},"end":{"line":56,"column":null}},"4":{"start":{"line":60,"column":4},"end":{"line":60,"column":null}},"5":{"start":{"line":51,"column":13},"end":{"line":51,"column":null}}},"fnMap":{"0":{"name":"(anonymous_0)","decl":{"start":{"line":55,"column":2},"end":{"line":55,"column":10}},"loc":{"start":{"line":55,"column":10},"end":{"line":57,"column":null}},"line":55},"1":{"name":"(anonymous_1)","decl":{"start":{"line":59,"column":2},"end":{"line":59,"column":11}},"loc":{"start":{"line":59,"column":11},"end":{"line":61,"column":null}},"line":59}},"branchMap":{},"s":{"0":4,"1":0,"2":0,"3":0,"4":0,"5":4},"f":{"0":0,"1":0},"b":{},"meta":{"lastBranch":0,"lastFunction":2,"lastStatement":6,"seen":{"s:51:7:61:Infinity":0,"s:52:19:52:Infinity":1,"s:53:21:53:Infinity":2,"f:55:2:55:10":0,"s:56:4:56:Infinity":3,"f:59:2:59:11":1,"s:60:4:60:Infinity":4,"s:51:13:51:Infinity":5}}}
,"G:\\WORK\\angular-clean-architecture\\apps\\sandbox\\src\\app\\shared\\util\\toast\\toast.service.ts": {"path":"G:\\WORK\\angular-clean-architecture\\apps\\sandbox\\src\\app\\shared\\util\\toast\\toast.service.ts","statementMap":{"0":{"start":{"line":9,"column":7},"end":{"line":73,"column":null}},"1":{"start":{"line":10,"column":19},"end":{"line":10,"column":null}},"2":{"start":{"line":12,"column":54},"end":{"line":15,"column":null}},"3":{"start":{"line":22,"column":4},"end":{"line":22,"column":null}},"4":{"start":{"line":29,"column":18},"end":{"line":29,"column":null}},"5":{"start":{"line":31,"column":4},"end":{"line":43,"column":null}},"6":{"start":{"line":32,"column":6},"end":{"line":32,"column":null}},"7":{"start":{"line":33,"column":4},"end":{"line":43,"column":null}},"8":{"start":{"line":35,"column":6},"end":{"line":42,"column":null}},"9":{"start":{"line":36,"column":8},"end":{"line":37,"column":null}},"10":{"start":{"line":38,"column":6},"end":{"line":42,"column":null}},"11":{"start":{"line":39,"column":8},"end":{"line":39,"column":null}},"12":{"start":{"line":41,"column":8},"end":{"line":41,"column":null}},"13":{"start":{"line":45,"column":4},"end":{"line":45,"column":null}},"14":{"start":{"line":52,"column":4},"end":{"line":52,"column":null}},"15":{"start":{"line":59,"column":4},"end":{"line":59,"column":null}},"16":{"start":{"line":66,"column":38},"end":{"line":69,"column":null}},"17":{"start":{"line":72,"column":4},"end":{"line":72,"column":null}},"18":{"start":{"line":9,"column":13},"end":{"line":9,"column":null}}},"fnMap":{"0":{"name":"(anonymous_0)","decl":{"start":{"line":21,"column":2},"end":{"line":21,"column":10}},"loc":{"start":{"line":21,"column":44},"end":{"line":23,"column":null}},"line":21},"1":{"name":"(anonymous_1)","decl":{"start":{"line":28,"column":2},"end":{"line":28,"column":8}},"loc":{"start":{"line":28,"column":55},"end":{"line":46,"column":null}},"line":28},"2":{"name":"(anonymous_2)","decl":{"start":{"line":51,"column":2},"end":{"line":51,"column":7}},"loc":{"start":{"line":51,"column":41},"end":{"line":53,"column":null}},"line":51},"3":{"name":"(anonymous_3)","decl":{"start":{"line":58,"column":2},"end":{"line":58,"column":10}},"loc":{"start":{"line":58,"column":44},"end":{"line":60,"column":null}},"line":58},"4":{"name":"(anonymous_4)","decl":{"start":{"line":65,"column":10},"end":{"line":65,"column":15}},"loc":{"start":{"line":65,"column":66},"end":{"line":73,"column":null}},"line":65}},"branchMap":{"0":{"loc":{"start":{"line":31,"column":4},"end":{"line":43,"column":null}},"type":"if","locations":[{"start":{"line":31,"column":4},"end":{"line":43,"column":null}},{"start":{"line":33,"column":4},"end":{"line":43,"column":null}}],"line":31},"1":{"loc":{"start":{"line":33,"column":4},"end":{"line":43,"column":null}},"type":"if","locations":[{"start":{"line":33,"column":4},"end":{"line":43,"column":null}},{"start":{},"end":{}}],"line":33},"2":{"loc":{"start":{"line":35,"column":6},"end":{"line":42,"column":null}},"type":"if","locations":[{"start":{"line":35,"column":6},"end":{"line":42,"column":null}},{"start":{"line":38,"column":6},"end":{"line":42,"column":null}}],"line":35},"3":{"loc":{"start":{"line":38,"column":6},"end":{"line":42,"column":null}},"type":"if","locations":[{"start":{"line":38,"column":6},"end":{"line":42,"column":null}},{"start":{"line":40,"column":13},"end":{"line":42,"column":null}}],"line":38},"4":{"loc":{"start":{"line":68,"column":16},"end":{"line":68,"column":null}},"type":"binary-expr","locations":[{"start":{"line":68,"column":16},"end":{"line":68,"column":28}},{"start":{"line":68,"column":28},"end":{"line":68,"column":null}}],"line":68}},"s":{"0":8,"1":0,"2":0,"3":0,"4":0,"5":0,"6":0,"7":0,"8":0,"9":0,"10":0,"11":0,"12":0,"13":0,"14":0,"15":0,"16":0,"17":0,"18":8},"f":{"0":0,"1":0,"2":0,"3":0,"4":0},"b":{"0":[0,0],"1":[0,0],"2":[0,0],"3":[0,0],"4":[0,0]},"meta":{"lastBranch":5,"lastFunction":5,"lastStatement":19,"seen":{"s:9:7:73:Infinity":0,"s:10:19:10:Infinity":1,"s:12:54:15:Infinity":2,"f:21:2:21:10":0,"s:22:4:22:Infinity":3,"f:28:2:28:8":1,"s:29:18:29:Infinity":4,"b:31:4:43:Infinity:33:4:43:Infinity":0,"s:31:4:43:Infinity":5,"s:32:6:32:Infinity":6,"b:33:4:43:Infinity:undefined:undefined:undefined:undefined":1,"s:33:4:43:Infinity":7,"b:35:6:42:Infinity:38:6:42:Infinity":2,"s:35:6:42:Infinity":8,"s:36:8:37:Infinity":9,"b:38:6:42:Infinity:40:13:42:Infinity":3,"s:38:6:42:Infinity":10,"s:39:8:39:Infinity":11,"s:41:8:41:Infinity":12,"s:45:4:45:Infinity":13,"f:51:2:51:7":2,"s:52:4:52:Infinity":14,"f:58:2:58:10":3,"s:59:4:59:Infinity":15,"f:65:10:65:15":4,"s:66:38:69:Infinity":16,"b:68:16:68:28:68:28:68:Infinity":4,"s:72:4:72:Infinity":17,"s:9:13:9:Infinity":18}}}
,"G:\\WORK\\angular-clean-architecture\\apps\\sandbox\\src\\environments\\environment.ts": {"path":"G:\\WORK\\angular-clean-architecture\\apps\\sandbox\\src\\environments\\environment.ts","statementMap":{"0":{"start":{"line":1,"column":27},"end":{"line":3,"column":null}}},"fnMap":{},"branchMap":{},"s":{"0":13},"f":{},"b":{},"meta":{"lastBranch":0,"lastFunction":0,"lastStatement":1,"seen":{"s:1:27:3:Infinity":0}}}
}
